#
# There is insufficient memory for the Java Runtime Environment to continue.
# Native memory allocation (malloc) failed to allocate 1048576 bytes. Error detail: AllocateHeap
# Possible reasons:
#   The system is out of physical RAM or swap space
#   This process is running with CompressedOops enabled, and the Java Heap may be blocking the growth of the native heap
# Possible solutions:
#   Reduce memory load on the system
#   Increase physical memory or swap space
#   Check if swap backing store is full
#   Decrease Java heap size (-Xmx/-Xms)
#   Decrease number of Java threads
#   Decrease Java thread stack sizes (-Xss)
#   Set larger code cache with -XX:ReservedCodeCacheSize=
#   JVM is running with Unscaled Compressed Oops mode in which the Java heap is
#     placed in the first 4GB address space. The Java Heap base address is the
#     maximum limit for the native heap growth. Please use -XX:HeapBaseMinAddress
#     to set the Java Heap base and to place the Java Heap above 4GB virtual address.
# This output file may be truncated or incomplete.
#
#  Out of Memory Error (allocation.cpp:44), pid=62564, tid=83772
#
# JRE version: OpenJDK Runtime Environment Temurin-21.0.8+9 (21.0.8+9) (build 21.0.8+9-LTS)
# Java VM: OpenJDK 64-Bit Server VM Temurin-21.0.8+9 (21.0.8+9-LTS, mixed mode, sharing, tiered, compressed oops, compressed class ptrs, parallel gc, windows-amd64)
# No core dump will be written. Minidumps are not enabled by default on client versions of Windows
#

---------------  S U M M A R Y ------------

Command Line: --add-modules=ALL-SYSTEM --add-opens=java.base/java.util=ALL-UNNAMED --add-opens=java.base/java.lang=ALL-UNNAMED --add-opens=java.base/sun.nio.fs=ALL-UNNAMED -Declipse.application=org.eclipse.jdt.ls.core.id1 -Dosgi.bundles.defaultStartLevel=4 -Declipse.product=org.eclipse.jdt.ls.core.product -Djava.import.generatesMetadataFilesAtProjectRoot=false -DDetectVMInstallationsJob.disabled=true -Dfile.encoding=utf8 -XX:+UseParallelGC -XX:GCTimeRatio=4 -XX:AdaptiveSizePolicyWeight=90 -Dsun.zip.disableMemoryMapping=true -Xmx2G -Xms100m -Xlog:disable -javaagent:c:\Users\Leila\.vscode\extensions\redhat.java-1.45.0-win32-x64\lombok\lombok-1.18.39-4050.jar -XX:+HeapDumpOnOutOfMemoryError -XX:HeapDumpPath=c:\Users\Leila\AppData\Roaming\Code\User\workspaceStorage\f757e6a35c77bed097e894ac33e0c76e\redhat.java -Daether.dependencyCollector.impl=bf c:\Users\Leila\.vscode\extensions\redhat.java-1.45.0-win32-x64\server\plugins\org.eclipse.equinox.launcher_1.7.0.v20250519-0528.jar -configuration c:\Users\Leila\AppData\Roaming\Code\User\globalStorage\redhat.java\1.45.0\config_win -data c:\Users\Leila\AppData\Roaming\Code\User\workspaceStorage\f757e6a35c77bed097e894ac33e0c76e\redhat.java\jdt_ws --pipe=\\.\pipe\lsp-423d09ff7768ac60778f72bf1a209fe3-sock

Host: Intel(R) Core(TM) i3-10110U CPU @ 2.10GHz, 4 cores, 15G,  Windows 11 , 64 bit Build 26100 (10.0.26100.4768)
Time: Thu Sep 18 20:27:31 2025 Hora oficial do Brasil elapsed time: 316.934904 seconds (0d 0h 5m 16s)

---------------  T H R E A D  ---------------

Current thread (0x00000267229578e0):  JavaThread "Attach Listener" daemon [_thread_in_vm, id=83772, stack(0x0000009d04b00000,0x0000009d04c00000) (1024K)]

Stack: [0x0000009d04b00000,0x0000009d04c00000]
Native frames: (J=compiled Java code, j=interpreted, Vv=VM code, C=native code)
V  [jvm.dll+0x6d2449]
V  [jvm.dll+0x8ae341]
V  [jvm.dll+0x8b08be]
V  [jvm.dll+0x8b0fa3]
V  [jvm.dll+0x280c96]
V  [jvm.dll+0xc0347]
V  [jvm.dll+0x6d2cf9]
V  [jvm.dll+0x131116]
V  [jvm.dll+0x3f2d16]
V  [jvm.dll+0x857e6b]
V  [jvm.dll+0x6d0b0d]
C  [ucrtbase.dll+0x37b0]
C  [KERNEL32.DLL+0x2e8d7]
C  [ntdll.dll+0x3c34c]


---------------  P R O C E S S  ---------------

Threads class SMR info:
_java_thread_list=0x000002677f5b6930, length=36, elements={
0x00000267206c3230, 0x0000026722afd570, 0x00000267229516e0, 0x0000026722955e80,
0x00000267229578e0, 0x000002672295d220, 0x000002672295df40, 0x0000026722976300,
0x00000267229771f0, 0x000002672295e5d0, 0x000002672295c500, 0x000002672295f2f0,
0x000002672295cb90, 0x000002672295d8b0, 0x000002672295ec60, 0x000002670042d060,
0x0000026700429be0, 0x000002670042a900, 0x000002670042a270, 0x000002670042dd80,
0x000002670042eaa0, 0x000002670042b620, 0x000002670042f130, 0x000002670042c9d0,
0x0000026700430b70, 0x0000026700431200, 0x00000267004304e0, 0x000002670042f7c0,
0x0000026701371bb0, 0x00000267013728d0, 0x0000026703c52bf0, 0x0000026703c53280,
0x0000026703c53fa0, 0x0000026703c511b0, 0x0000026703c54cc0, 0x0000026703c52560
}

Java Threads: ( => current thread )
  0x00000267206c3230 JavaThread "main"                              [_thread_blocked, id=106968, stack(0x0000009d04400000,0x0000009d04500000) (1024K)]
  0x0000026722afd570 JavaThread "Reference Handler"          daemon [_thread_blocked, id=25788, stack(0x0000009d04800000,0x0000009d04900000) (1024K)]
  0x00000267229516e0 JavaThread "Finalizer"                  daemon [_thread_blocked, id=37328, stack(0x0000009d04900000,0x0000009d04a00000) (1024K)]
  0x0000026722955e80 JavaThread "Signal Dispatcher"          daemon [_thread_blocked, id=3380, stack(0x0000009d04a00000,0x0000009d04b00000) (1024K)]
=>0x00000267229578e0 JavaThread "Attach Listener"            daemon [_thread_in_vm, id=83772, stack(0x0000009d04b00000,0x0000009d04c00000) (1024K)]
  0x000002672295d220 JavaThread "Service Thread"             daemon [_thread_blocked, id=52892, stack(0x0000009d04c00000,0x0000009d04d00000) (1024K)]
  0x000002672295df40 JavaThread "Monitor Deflation Thread"   daemon [_thread_blocked, id=28040, stack(0x0000009d04d00000,0x0000009d04e00000) (1024K)]
  0x0000026722976300 JavaThread "C2 CompilerThread0"         daemon [_thread_blocked, id=198492, stack(0x0000009d04e00000,0x0000009d04f00000) (1024K)]
  0x00000267229771f0 JavaThread "C1 CompilerThread0"         daemon [_thread_blocked, id=126592, stack(0x0000009d04f00000,0x0000009d05000000) (1024K)]
  0x000002672295e5d0 JavaThread "Common-Cleaner"             daemon [_thread_blocked, id=66112, stack(0x0000009d05000000,0x0000009d05100000) (1024K)]
  0x000002672295c500 JavaThread "Notification Thread"        daemon [_thread_blocked, id=88452, stack(0x0000009d05100000,0x0000009d05200000) (1024K)]
  0x000002672295f2f0 JavaThread "Active Thread: Equinox Container: 33bd7bb5-0609-4c6f-887d-dbf50b6da547"        [_thread_blocked, id=96324, stack(0x0000009d05600000,0x0000009d05700000) (1024K)]
  0x000002672295cb90 JavaThread "Refresh Thread: Equinox Container: 33bd7bb5-0609-4c6f-887d-dbf50b6da547" daemon [_thread_blocked, id=115948, stack(0x0000009d05700000,0x0000009d05800000) (1024K)]
  0x000002672295d8b0 JavaThread "Framework Event Dispatcher: Equinox Container: 33bd7bb5-0609-4c6f-887d-dbf50b6da547" daemon [_thread_blocked, id=125108, stack(0x0000009d05800000,0x0000009d05900000) (1024K)]
  0x000002672295ec60 JavaThread "Start Level: Equinox Container: 33bd7bb5-0609-4c6f-887d-dbf50b6da547" daemon [_thread_blocked, id=117448, stack(0x0000009d05900000,0x0000009d05a00000) (1024K)]
  0x000002670042d060 JavaThread "Bundle File Closer"         daemon [_thread_blocked, id=111040, stack(0x0000009d05a00000,0x0000009d05b00000) (1024K)]
  0x0000026700429be0 JavaThread "SCR Component Actor"        daemon [_thread_blocked, id=173020, stack(0x0000009d05b00000,0x0000009d05c00000) (1024K)]
  0x000002670042a900 JavaThread "Worker-JM"                         [_thread_blocked, id=61904, stack(0x0000009d05d00000,0x0000009d05e00000) (1024K)]
  0x000002670042a270 JavaThread "JNA Cleaner"                daemon [_thread_blocked, id=197620, stack(0x0000009d05200000,0x0000009d05300000) (1024K)]
  0x000002670042dd80 JavaThread "Worker-1"                          [_thread_blocked, id=178876, stack(0x0000009d05f00000,0x0000009d06000000) (1024K)]
  0x000002670042eaa0 JavaThread "Java indexing"              daemon [_thread_blocked, id=171656, stack(0x0000009d06200000,0x0000009d06300000) (1024K)]
  0x000002670042b620 JavaThread "Worker-4"                          [_thread_blocked, id=128460, stack(0x0000009d06400000,0x0000009d06500000) (1024K)]
  0x000002670042f130 JavaThread "Thread-2"                   daemon [_thread_in_native, id=63276, stack(0x0000009d06800000,0x0000009d06900000) (1024K)]
  0x000002670042c9d0 JavaThread "Thread-3"                   daemon [_thread_in_native, id=168804, stack(0x0000009d06900000,0x0000009d06a00000) (1024K)]
  0x0000026700430b70 JavaThread "Thread-4"                   daemon [_thread_in_native, id=11740, stack(0x0000009d06a00000,0x0000009d06b00000) (1024K)]
  0x0000026700431200 JavaThread "Thread-5"                   daemon [_thread_in_native, id=186060, stack(0x0000009d06b00000,0x0000009d06c00000) (1024K)]
  0x00000267004304e0 JavaThread "Thread-6"                   daemon [_thread_in_native, id=180776, stack(0x0000009d06c00000,0x0000009d06d00000) (1024K)]
  0x000002670042f7c0 JavaThread "pool-2-thread-1"                   [_thread_blocked, id=187676, stack(0x0000009d06d00000,0x0000009d06e00000) (1024K)]
  0x0000026701371bb0 JavaThread "WorkspaceEventsHandler"            [_thread_blocked, id=168952, stack(0x0000009d06e00000,0x0000009d06f00000) (1024K)]
  0x00000267013728d0 JavaThread "pool-1-thread-1"                   [_thread_blocked, id=169208, stack(0x0000009d06f00000,0x0000009d07000000) (1024K)]
  0x0000026703c52bf0 JavaThread "ForkJoinPool.commonPool-worker-2" daemon [_thread_blocked, id=202620, stack(0x0000009d07500000,0x0000009d07600000) (1024K)]
  0x0000026703c53280 JavaThread "Cleaner-0"                  daemon [_thread_blocked, id=24172, stack(0x0000009d07800000,0x0000009d07900000) (1024K)]
  0x0000026703c53fa0 JavaThread "ForkJoinPool.commonPool-worker-4" daemon [_thread_blocked, id=155048, stack(0x0000009d04100000,0x0000009d04200000) (1024K)]
  0x0000026703c511b0 JavaThread "ForkJoinPool.commonPool-worker-5" daemon [_thread_blocked, id=154416, stack(0x0000009d04200000,0x0000009d04300000) (1024K)]
  0x0000026703c54cc0 JavaThread "Worker-7"                          [_thread_blocked, id=174520, stack(0x0000009d04300000,0x0000009d04400000) (1024K)]
  0x0000026703c52560 JavaThread "Worker-8"                          [_thread_blocked, id=27828, stack(0x0000009d05c00000,0x0000009d05d00000) (1024K)]
Total: 36

Other Threads:
  0x0000026722ae42f0 VMThread "VM Thread"                           [id=62828, stack(0x0000009d04700000,0x0000009d04800000) (1024K)]
  0x0000026722ad0bf0 WatcherThread "VM Periodic Task Thread"        [id=152936, stack(0x0000009d04600000,0x0000009d04700000) (1024K)]
  0x0000026722a835c0 WorkerThread "GC Thread#0"                     [id=31920, stack(0x0000009d04500000,0x0000009d04600000) (1024K)]
  0x000002677f6e81f0 WorkerThread "GC Thread#1"                     [id=73960, stack(0x0000009d05300000,0x0000009d05400000) (1024K)]
  0x000002677f6e8590 WorkerThread "GC Thread#2"                     [id=176992, stack(0x0000009d05400000,0x0000009d05500000) (1024K)]
  0x000002677f8c5610 WorkerThread "GC Thread#3"                     [id=99464, stack(0x0000009d05500000,0x0000009d05600000) (1024K)]
Total: 6

Threads with active compile tasks:
Total: 0

VM state: not at safepoint (normal execution)

VM Mutex/Monitor currently owned by a thread: None

Heap address: 0x0000000080000000, size: 2048 MB, Compressed Oops mode: 32-bit

CDS archive(s) mapped at: [0x000002673a000000-0x000002673aba0000-0x000002673aba0000), size 12189696, SharedBaseAddress: 0x000002673a000000, ArchiveRelocationMode: 1.
Compressed class space mapped at: 0x000002673b000000-0x000002677b000000, reserved size: 1073741824
Narrow klass base: 0x000002673a000000, Narrow klass shift: 0, Narrow klass range: 0x100000000

GC Precious Log:
 CardTable entry size: 512
 CPUs: 4 total, 4 available
 Memory: 16198M
 Large Page Support: Disabled
 NUMA Support: Disabled
 Compressed Oops: Enabled (32-bit)
 Alignments: Space 512K, Generation 512K, Heap 2M
 Heap Min Capacity: 100M
 Heap Initial Capacity: 100M
 Heap Max Capacity: 2G
 Pre-touch: Disabled
 Parallel Workers: 4

Heap:
 PSYoungGen      total 23040K, used 20044K [0x00000000d5580000, 0x00000000d6f00000, 0x0000000100000000)
  eden space 20480K, 89% used [0x00000000d5580000,0x00000000d6779cc8,0x00000000d6980000)
  from space 2560K, 63% used [0x00000000d6a00000,0x00000000d6b996b0,0x00000000d6c80000)
  to   space 2048K, 0% used [0x00000000d6d00000,0x00000000d6d00000,0x00000000d6f00000)
 ParOldGen       total 96256K, used 54434K [0x0000000080000000, 0x0000000085e00000, 0x00000000d5580000)
  object space 96256K, 56% used [0x0000000080000000,0x0000000083528b58,0x0000000085e00000)
 Metaspace       used 71749K, committed 73280K, reserved 1114112K
  class space    used 7513K, committed 8192K, reserved 1048576K

Card table byte_map: [0x00000267223e0000,0x00000267227f0000] _byte_map_base: 0x0000026721fe0000

Marking Bits: (ParMarkBitMap*) 0x00007fff6c53a340
 Begin Bits: [0x0000026734ee0000, 0x0000026736ee0000)
 End Bits:   [0x0000026736ee0000, 0x0000026738ee0000)

Polling page: 0x0000026720660000

Metaspace:

Usage:
  Non-class:     62.73 MB used.
      Class:      7.34 MB used.
       Both:     70.07 MB used.

Virtual space:
  Non-class space:       64.00 MB reserved,      63.56 MB (>99%) committed,  1 nodes.
      Class space:        1.00 GB reserved,       8.00 MB ( <1%) committed,  1 nodes.
             Both:        1.06 GB reserved,      71.56 MB (  7%) committed. 

Chunk freelists:
   Non-Class:  1.00 KB
       Class:  7.96 MB
        Both:  7.96 MB

MaxMetaspaceSize: unlimited
CompressedClassSpaceSize: 1.00 GB
Initial GC threshold: 21.00 MB
Current GC threshold: 97.31 MB
CDS: on
 - commit_granule_bytes: 65536.
 - commit_granule_words: 8192.
 - virtual_space_node_default_size: 8388608.
 - enlarge_chunks_in_place: 1.
 - use_allocation_guard: 0.


Internal statistics:

num_allocs_failed_limit: 9.
num_arena_births: 1330.
num_arena_deaths: 20.
num_vsnodes_births: 2.
num_vsnodes_deaths: 0.
num_space_committed: 1145.
num_space_uncommitted: 0.
num_chunks_returned_to_freelist: 32.
num_chunks_taken_from_freelist: 4773.
num_chunk_merges: 15.
num_chunk_splits: 2922.
num_chunks_enlarged: 1650.
num_inconsistent_stats: 0.

CodeHeap 'non-profiled nmethods': size=120000Kb used=8671Kb max_used=8671Kb free=111328Kb
 bounds [0x000002672d700000, 0x000002672df80000, 0x0000026734c30000]
CodeHeap 'profiled nmethods': size=120000Kb used=26974Kb max_used=26974Kb free=93025Kb
 bounds [0x0000026725c30000, 0x0000026727690000, 0x000002672d160000]
CodeHeap 'non-nmethods': size=5760Kb used=1472Kb max_used=1564Kb free=4287Kb
 bounds [0x000002672d160000, 0x000002672d3d0000, 0x000002672d700000]
CodeCache: size=245760Kb, used=37117Kb, max_used=37209Kb, free=208640Kb
 total_blobs=12055, nmethods=11267, adapters=691, full_count=0
Compilation: enabled, stopped_count=0, restarted_count=0

Compilation events (20 events):
Event: 313.272 Thread 0x00000267229771f0 nmethod 12019 0x0000026727681710 code [0x00000267276818c0, 0x0000026727681a80]
Event: 313.273 Thread 0x00000267229771f0 12020       3       org.eclipse.jdt.internal.core.BinaryType::resolved (27 bytes)
Event: 313.273 Thread 0x0000026722976300 nmethod 12015 0x000002672df76e10 code [0x000002672df76fc0, 0x000002672df77460]
Event: 313.273 Thread 0x0000026722976300 12017       4       org.osgi.util.tracker.ServiceTracker::getService (33 bytes)
Event: 313.273 Thread 0x00000267229771f0 nmethod 12020 0x0000026727681b10 code [0x0000026727681d20, 0x0000026727682478]
Event: 313.273 Thread 0x00000267229771f0 12021       3       org.eclipse.jdt.internal.core.ResolvedBinaryType::<init> (14 bytes)
Event: 313.273 Thread 0x00000267229771f0 nmethod 12021 0x0000026727682790 code [0x0000026727682960, 0x0000026727682c78]
Event: 313.273 Thread 0x00000267229771f0 12022       3       org.eclipse.jdt.internal.core.BinaryType::<init> (8 bytes)
Event: 313.274 Thread 0x00000267229771f0 nmethod 12022 0x0000026727682e10 code [0x0000026727682fe0, 0x0000026727683288]
Event: 313.274 Thread 0x0000026722976300 nmethod 12017 0x000002672df77610 code [0x000002672df777a0, 0x000002672df778b8]
Event: 313.274 Thread 0x0000026722976300 12016       4       org.eclipse.core.internal.resources.Project::checkAccessible (42 bytes)
Event: 313.275 Thread 0x0000026722976300 nmethod 12016 0x000002672df77990 code [0x000002672df77b20, 0x000002672df77c20]
Event: 313.275 Thread 0x00000267229771f0 12023       3       java.lang.invoke.LambdaForm$MH/0x000002673b795000::invoke (42 bytes)
Event: 313.276 Thread 0x00000267229771f0 nmethod 12023 0x0000026727683410 code [0x00000267276836a0, 0x0000026727684420]
Event: 313.276 Thread 0x00000267229771f0 12026       3       com.google.gson.internal.bind.TypeAdapters$15::write (10 bytes)
Event: 313.277 Thread 0x00000267229771f0 nmethod 12026 0x0000026727684890 code [0x0000026727684aa0, 0x00000267276850b0]
Event: 313.277 Thread 0x00000267229771f0 12024       3       java.lang.invoke.LambdaForm$MH/0x000002673b795400::invoke (42 bytes)
Event: 313.278 Thread 0x00000267229771f0 nmethod 12024 0x0000026727685290 code [0x0000026727685520, 0x00000267276862a0]
Event: 313.278 Thread 0x00000267229771f0 12025       3       java.lang.invoke.LambdaForm$MH/0x000002673b795800::invoke (42 bytes)
Event: 313.279 Thread 0x00000267229771f0 nmethod 12025 0x0000026727686710 code [0x00000267276869a0, 0x0000026727687720]

GC Heap History (20 events):
Event: 13.756 GC heap before
{Heap before GC invocations=33 (full 3):
 PSYoungGen      total 22528K, used 21627K [0x00000000d5580000, 0x00000000d6d80000, 0x0000000100000000)
  eden space 20992K, 100% used [0x00000000d5580000,0x00000000d6a00000,0x00000000d6a00000)
  from space 1536K, 41% used [0x00000000d6b00000,0x00000000d6b9eec0,0x00000000d6c80000)
  to   space 1024K, 0% used [0x00000000d6c80000,0x00000000d6c80000,0x00000000d6d80000)
 ParOldGen       total 96256K, used 38818K [0x0000000080000000, 0x0000000085e00000, 0x00000000d5580000)
  object space 96256K, 40% used [0x0000000080000000,0x00000000825e8b88,0x0000000085e00000)
 Metaspace       used 62843K, committed 64320K, reserved 1114112K
  class space    used 6776K, committed 7424K, reserved 1048576K
}
Event: 13.760 GC heap after
{Heap after GC invocations=33 (full 3):
 PSYoungGen      total 21504K, used 993K [0x00000000d5580000, 0x00000000d7000000, 0x0000000100000000)
  eden space 20480K, 0% used [0x00000000d5580000,0x00000000d5580000,0x00000000d6980000)
  from space 1024K, 96% used [0x00000000d6c80000,0x00000000d6d784c0,0x00000000d6d80000)
  to   space 3072K, 0% used [0x00000000d6980000,0x00000000d6980000,0x00000000d6c80000)
 ParOldGen       total 96256K, used 40381K [0x0000000080000000, 0x0000000085e00000, 0x00000000d5580000)
  object space 96256K, 41% used [0x0000000080000000,0x000000008276f4f8,0x0000000085e00000)
 Metaspace       used 62843K, committed 64320K, reserved 1114112K
  class space    used 6776K, committed 7424K, reserved 1048576K
}
Event: 14.114 GC heap before
{Heap before GC invocations=34 (full 3):
 PSYoungGen      total 21504K, used 21473K [0x00000000d5580000, 0x00000000d7000000, 0x0000000100000000)
  eden space 20480K, 100% used [0x00000000d5580000,0x00000000d6980000,0x00000000d6980000)
  from space 1024K, 96% used [0x00000000d6c80000,0x00000000d6d784c0,0x00000000d6d80000)
  to   space 3072K, 0% used [0x00000000d6980000,0x00000000d6980000,0x00000000d6c80000)
 ParOldGen       total 96256K, used 40381K [0x0000000080000000, 0x0000000085e00000, 0x00000000d5580000)
  object space 96256K, 41% used [0x0000000080000000,0x000000008276f4f8,0x0000000085e00000)
 Metaspace       used 63880K, committed 65408K, reserved 1114112K
  class space    used 6843K, committed 7488K, reserved 1048576K
}
Event: 14.121 GC heap after
{Heap after GC invocations=34 (full 3):
 PSYoungGen      total 23552K, used 3047K [0x00000000d5580000, 0x00000000d7780000, 0x0000000100000000)
  eden space 20480K, 0% used [0x00000000d5580000,0x00000000d5580000,0x00000000d6980000)
  from space 3072K, 99% used [0x00000000d6980000,0x00000000d6c79e48,0x00000000d6c80000)
  to   space 7168K, 0% used [0x00000000d7080000,0x00000000d7080000,0x00000000d7780000)
 ParOldGen       total 96256K, used 43607K [0x0000000080000000, 0x0000000085e00000, 0x00000000d5580000)
  object space 96256K, 45% used [0x0000000080000000,0x0000000082a95f28,0x0000000085e00000)
 Metaspace       used 63880K, committed 65408K, reserved 1114112K
  class space    used 6843K, committed 7488K, reserved 1048576K
}
Event: 163.245 GC heap before
{Heap before GC invocations=35 (full 3):
 PSYoungGen      total 23552K, used 23527K [0x00000000d5580000, 0x00000000d7780000, 0x0000000100000000)
  eden space 20480K, 100% used [0x00000000d5580000,0x00000000d6980000,0x00000000d6980000)
  from space 3072K, 99% used [0x00000000d6980000,0x00000000d6c79e48,0x00000000d6c80000)
  to   space 7168K, 0% used [0x00000000d7080000,0x00000000d7080000,0x00000000d7780000)
 ParOldGen       total 96256K, used 43607K [0x0000000080000000, 0x0000000085e00000, 0x00000000d5580000)
  object space 96256K, 45% used [0x0000000080000000,0x0000000082a95f28,0x0000000085e00000)
 Metaspace       used 65119K, committed 66624K, reserved 1114112K
  class space    used 6941K, committed 7616K, reserved 1048576K
}
Event: 163.249 GC heap after
{Heap after GC invocations=35 (full 3):
 PSYoungGen      total 22016K, used 1248K [0x00000000d5580000, 0x00000000d7200000, 0x0000000100000000)
  eden space 20480K, 0% used [0x00000000d5580000,0x00000000d5580000,0x00000000d6980000)
  from space 1536K, 81% used [0x00000000d7080000,0x00000000d71b8238,0x00000000d7200000)
  to   space 3584K, 0% used [0x00000000d6b00000,0x00000000d6b00000,0x00000000d6e80000)
 ParOldGen       total 96256K, used 46656K [0x0000000080000000, 0x0000000085e00000, 0x00000000d5580000)
  object space 96256K, 48% used [0x0000000080000000,0x0000000082d900e8,0x0000000085e00000)
 Metaspace       used 65119K, committed 66624K, reserved 1114112K
  class space    used 6941K, committed 7616K, reserved 1048576K
}
Event: 201.459 GC heap before
{Heap before GC invocations=36 (full 3):
 PSYoungGen      total 22016K, used 21709K [0x00000000d5580000, 0x00000000d7200000, 0x0000000100000000)
  eden space 20480K, 99% used [0x00000000d5580000,0x00000000d697b208,0x00000000d6980000)
  from space 1536K, 81% used [0x00000000d7080000,0x00000000d71b8238,0x00000000d7200000)
  to   space 3584K, 0% used [0x00000000d6b00000,0x00000000d6b00000,0x00000000d6e80000)
 ParOldGen       total 96256K, used 46656K [0x0000000080000000, 0x0000000085e00000, 0x00000000d5580000)
  object space 96256K, 48% used [0x0000000080000000,0x0000000082d900e8,0x0000000085e00000)
 Metaspace       used 66185K, committed 67648K, reserved 1114112K
  class space    used 6998K, committed 7616K, reserved 1048576K
}
Event: 201.462 GC heap after
{Heap after GC invocations=36 (full 3):
 PSYoungGen      total 24064K, used 1515K [0x00000000d5580000, 0x00000000d7100000, 0x0000000100000000)
  eden space 20480K, 0% used [0x00000000d5580000,0x00000000d5580000,0x00000000d6980000)
  from space 3584K, 42% used [0x00000000d6b00000,0x00000000d6c7ace8,0x00000000d6e80000)
  to   space 2048K, 0% used [0x00000000d6f00000,0x00000000d6f00000,0x00000000d7100000)
 ParOldGen       total 96256K, used 47848K [0x0000000080000000, 0x0000000085e00000, 0x00000000d5580000)
  object space 96256K, 49% used [0x0000000080000000,0x0000000082eba340,0x0000000085e00000)
 Metaspace       used 66185K, committed 67648K, reserved 1114112K
  class space    used 6998K, committed 7616K, reserved 1048576K
}
Event: 213.926 GC heap before
{Heap before GC invocations=37 (full 3):
 PSYoungGen      total 24064K, used 21995K [0x00000000d5580000, 0x00000000d7100000, 0x0000000100000000)
  eden space 20480K, 100% used [0x00000000d5580000,0x00000000d6980000,0x00000000d6980000)
  from space 3584K, 42% used [0x00000000d6b00000,0x00000000d6c7ace8,0x00000000d6e80000)
  to   space 2048K, 0% used [0x00000000d6f00000,0x00000000d6f00000,0x00000000d7100000)
 ParOldGen       total 96256K, used 47848K [0x0000000080000000, 0x0000000085e00000, 0x00000000d5580000)
  object space 96256K, 49% used [0x0000000080000000,0x0000000082eba340,0x0000000085e00000)
 Metaspace       used 66855K, committed 68416K, reserved 1114112K
  class space    used 7057K, committed 7744K, reserved 1048576K
}
Event: 213.930 GC heap after
{Heap after GC invocations=37 (full 3):
 PSYoungGen      total 22528K, used 1685K [0x00000000d5580000, 0x00000000d7100000, 0x0000000100000000)
  eden space 20480K, 0% used [0x00000000d5580000,0x00000000d5580000,0x00000000d6980000)
  from space 2048K, 82% used [0x00000000d6f00000,0x00000000d70a5498,0x00000000d7100000)
  to   space 2048K, 0% used [0x00000000d6d00000,0x00000000d6d00000,0x00000000d6f00000)
 ParOldGen       total 96256K, used 49212K [0x0000000080000000, 0x0000000085e00000, 0x00000000d5580000)
  object space 96256K, 51% used [0x0000000080000000,0x000000008300f2d8,0x0000000085e00000)
 Metaspace       used 66855K, committed 68416K, reserved 1114112K
  class space    used 7057K, committed 7744K, reserved 1048576K
}
Event: 240.259 GC heap before
{Heap before GC invocations=38 (full 3):
 PSYoungGen      total 22528K, used 22165K [0x00000000d5580000, 0x00000000d7100000, 0x0000000100000000)
  eden space 20480K, 99% used [0x00000000d5580000,0x00000000d697fff8,0x00000000d6980000)
  from space 2048K, 82% used [0x00000000d6f00000,0x00000000d70a5498,0x00000000d7100000)
  to   space 2048K, 0% used [0x00000000d6d00000,0x00000000d6d00000,0x00000000d6f00000)
 ParOldGen       total 96256K, used 49212K [0x0000000080000000, 0x0000000085e00000, 0x00000000d5580000)
  object space 96256K, 51% used [0x0000000080000000,0x000000008300f2d8,0x0000000085e00000)
 Metaspace       used 67305K, committed 68864K, reserved 1114112K
  class space    used 7065K, committed 7744K, reserved 1048576K
}
Event: 240.262 GC heap after
{Heap after GC invocations=38 (full 3):
 PSYoungGen      total 22016K, used 1072K [0x00000000d5580000, 0x00000000d6f80000, 0x0000000100000000)
  eden space 20480K, 0% used [0x00000000d5580000,0x00000000d5580000,0x00000000d6980000)
  from space 1536K, 69% used [0x00000000d6d00000,0x00000000d6e0c010,0x00000000d6e80000)
  to   space 1024K, 0% used [0x00000000d6e80000,0x00000000d6e80000,0x00000000d6f80000)
 ParOldGen       total 96256K, used 50686K [0x0000000080000000, 0x0000000085e00000, 0x00000000d5580000)
  object space 96256K, 52% used [0x0000000080000000,0x000000008317f890,0x0000000085e00000)
 Metaspace       used 67305K, committed 68864K, reserved 1114112K
  class space    used 7065K, committed 7744K, reserved 1048576K
}
Event: 241.291 GC heap before
{Heap before GC invocations=39 (full 3):
 PSYoungGen      total 22016K, used 21552K [0x00000000d5580000, 0x00000000d6f80000, 0x0000000100000000)
  eden space 20480K, 100% used [0x00000000d5580000,0x00000000d6980000,0x00000000d6980000)
  from space 1536K, 69% used [0x00000000d6d00000,0x00000000d6e0c010,0x00000000d6e80000)
  to   space 1024K, 0% used [0x00000000d6e80000,0x00000000d6e80000,0x00000000d6f80000)
 ParOldGen       total 96256K, used 50686K [0x0000000080000000, 0x0000000085e00000, 0x00000000d5580000)
  object space 96256K, 52% used [0x0000000080000000,0x000000008317f890,0x0000000085e00000)
 Metaspace       used 69222K, committed 70848K, reserved 1114112K
  class space    used 7271K, committed 7936K, reserved 1048576K
}
Event: 241.292 GC heap after
{Heap after GC invocations=39 (full 3):
 PSYoungGen      total 21504K, used 607K [0x00000000d5580000, 0x00000000d6f80000, 0x0000000100000000)
  eden space 20480K, 0% used [0x00000000d5580000,0x00000000d5580000,0x00000000d6980000)
  from space 1024K, 59% used [0x00000000d6e80000,0x00000000d6f17c48,0x00000000d6f80000)
  to   space 1024K, 0% used [0x00000000d6d80000,0x00000000d6d80000,0x00000000d6e80000)
 ParOldGen       total 96256K, used 51728K [0x0000000080000000, 0x0000000085e00000, 0x00000000d5580000)
  object space 96256K, 53% used [0x0000000080000000,0x0000000083284020,0x0000000085e00000)
 Metaspace       used 69222K, committed 70848K, reserved 1114112K
  class space    used 7271K, committed 7936K, reserved 1048576K
}
Event: 261.369 GC heap before
{Heap before GC invocations=40 (full 3):
 PSYoungGen      total 21504K, used 21087K [0x00000000d5580000, 0x00000000d6f80000, 0x0000000100000000)
  eden space 20480K, 100% used [0x00000000d5580000,0x00000000d6980000,0x00000000d6980000)
  from space 1024K, 59% used [0x00000000d6e80000,0x00000000d6f17c48,0x00000000d6f80000)
  to   space 1024K, 0% used [0x00000000d6d80000,0x00000000d6d80000,0x00000000d6e80000)
 ParOldGen       total 96256K, used 51728K [0x0000000080000000, 0x0000000085e00000, 0x00000000d5580000)
  object space 96256K, 53% used [0x0000000080000000,0x0000000083284020,0x0000000085e00000)
 Metaspace       used 69573K, committed 71104K, reserved 1114112K
  class space    used 7277K, committed 7936K, reserved 1048576K
}
Event: 261.371 GC heap after
{Heap after GC invocations=40 (full 3):
 PSYoungGen      total 21504K, used 1008K [0x00000000d5580000, 0x00000000d6f00000, 0x0000000100000000)
  eden space 20480K, 0% used [0x00000000d5580000,0x00000000d5580000,0x00000000d6980000)
  from space 1024K, 98% used [0x00000000d6d80000,0x00000000d6e7c010,0x00000000d6e80000)
  to   space 512K, 0% used [0x00000000d6e80000,0x00000000d6e80000,0x00000000d6f00000)
 ParOldGen       total 96256K, used 52349K [0x0000000080000000, 0x0000000085e00000, 0x00000000d5580000)
  object space 96256K, 54% used [0x0000000080000000,0x000000008331f628,0x0000000085e00000)
 Metaspace       used 69573K, committed 71104K, reserved 1114112K
  class space    used 7277K, committed 7936K, reserved 1048576K
}
Event: 293.211 GC heap before
{Heap before GC invocations=41 (full 3):
 PSYoungGen      total 21504K, used 21488K [0x00000000d5580000, 0x00000000d6f00000, 0x0000000100000000)
  eden space 20480K, 100% used [0x00000000d5580000,0x00000000d6980000,0x00000000d6980000)
  from space 1024K, 98% used [0x00000000d6d80000,0x00000000d6e7c010,0x00000000d6e80000)
  to   space 512K, 0% used [0x00000000d6e80000,0x00000000d6e80000,0x00000000d6f00000)
 ParOldGen       total 96256K, used 52349K [0x0000000080000000, 0x0000000085e00000, 0x00000000d5580000)
  object space 96256K, 54% used [0x0000000080000000,0x000000008331f628,0x0000000085e00000)
 Metaspace       used 69843K, committed 71360K, reserved 1114112K
  class space    used 7279K, committed 7936K, reserved 1048576K
}
Event: 293.213 GC heap after
{Heap after GC invocations=41 (full 3):
 PSYoungGen      total 20992K, used 512K [0x00000000d5580000, 0x00000000d6f00000, 0x0000000100000000)
  eden space 20480K, 0% used [0x00000000d5580000,0x00000000d5580000,0x00000000d6980000)
  from space 512K, 100% used [0x00000000d6e80000,0x00000000d6f00000,0x00000000d6f00000)
  to   space 2560K, 0% used [0x00000000d6a00000,0x00000000d6a00000,0x00000000d6c80000)
 ParOldGen       total 96256K, used 53952K [0x0000000080000000, 0x0000000085e00000, 0x00000000d5580000)
  object space 96256K, 56% used [0x0000000080000000,0x00000000834b0258,0x0000000085e00000)
 Metaspace       used 69843K, committed 71360K, reserved 1114112K
  class space    used 7279K, committed 7936K, reserved 1048576K
}
Event: 296.951 GC heap before
{Heap before GC invocations=42 (full 3):
 PSYoungGen      total 20992K, used 20992K [0x00000000d5580000, 0x00000000d6f00000, 0x0000000100000000)
  eden space 20480K, 100% used [0x00000000d5580000,0x00000000d6980000,0x00000000d6980000)
  from space 512K, 100% used [0x00000000d6e80000,0x00000000d6f00000,0x00000000d6f00000)
  to   space 2560K, 0% used [0x00000000d6a00000,0x00000000d6a00000,0x00000000d6c80000)
 ParOldGen       total 96256K, used 53952K [0x0000000080000000, 0x0000000085e00000, 0x00000000d5580000)
  object space 96256K, 56% used [0x0000000080000000,0x00000000834b0258,0x0000000085e00000)
 Metaspace       used 70276K, committed 71808K, reserved 1114112K
  class space    used 7314K, committed 8000K, reserved 1048576K
}
Event: 296.953 GC heap after
{Heap after GC invocations=42 (full 3):
 PSYoungGen      total 23040K, used 1637K [0x00000000d5580000, 0x00000000d6f00000, 0x0000000100000000)
  eden space 20480K, 0% used [0x00000000d5580000,0x00000000d5580000,0x00000000d6980000)
  from space 2560K, 63% used [0x00000000d6a00000,0x00000000d6b996b0,0x00000000d6c80000)
  to   space 2048K, 0% used [0x00000000d6d00000,0x00000000d6d00000,0x00000000d6f00000)
 ParOldGen       total 96256K, used 54434K [0x0000000080000000, 0x0000000085e00000, 0x00000000d5580000)
  object space 96256K, 56% used [0x0000000080000000,0x0000000083528b58,0x0000000085e00000)
 Metaspace       used 70276K, committed 71808K, reserved 1114112K
  class space    used 7314K, committed 8000K, reserved 1048576K
}

Dll operation events (10 events):
Event: 0.014 Loaded shared library c:\Users\Leila\.vscode\extensions\redhat.java-1.45.0-win32-x64\jre\21.0.8-win32-x86_64\bin\java.dll
Event: 0.077 Loaded shared library c:\Users\Leila\.vscode\extensions\redhat.java-1.45.0-win32-x64\jre\21.0.8-win32-x86_64\bin\zip.dll
Event: 0.098 Loaded shared library C:\Users\Leila\.vscode\extensions\redhat.java-1.45.0-win32-x64\jre\21.0.8-win32-x86_64\bin\instrument.dll
Event: 0.103 Loaded shared library C:\Users\Leila\.vscode\extensions\redhat.java-1.45.0-win32-x64\jre\21.0.8-win32-x86_64\bin\net.dll
Event: 0.105 Loaded shared library C:\Users\Leila\.vscode\extensions\redhat.java-1.45.0-win32-x64\jre\21.0.8-win32-x86_64\bin\nio.dll
Event: 0.108 Loaded shared library C:\Users\Leila\.vscode\extensions\redhat.java-1.45.0-win32-x64\jre\21.0.8-win32-x86_64\bin\zip.dll
Event: 0.125 Loaded shared library C:\Users\Leila\.vscode\extensions\redhat.java-1.45.0-win32-x64\jre\21.0.8-win32-x86_64\bin\jimage.dll
Event: 0.212 Loaded shared library c:\Users\Leila\.vscode\extensions\redhat.java-1.45.0-win32-x64\jre\21.0.8-win32-x86_64\bin\verify.dll
Event: 1.696 Loaded shared library C:\Users\Leila\AppData\Roaming\Code\User\globalStorage\redhat.java\1.45.0\config_win\org.eclipse.equinox.launcher\org.eclipse.equinox.launcher.win32.win32.x86_64_1.2.1400.v20250801-0854\eclipse_11916.dll
Event: 3.982 Loaded shared library C:\Users\Leila\AppData\Local\Temp\jna-73300837\jna17609226284313017371.dll

Deoptimization events (20 events):
Event: 305.075 Thread 0x000002670042dd80 Uncommon trap: trap_request=0xffffffde fr.pc=0x000002672dc41720 relative=0x00000000000003e0
Event: 305.075 Thread 0x000002670042dd80 Uncommon trap: reason=class_check action=maybe_recompile pc=0x000002672dc41720 method=java.io.DataOutputStream.writeInt(I)V @ 19 c2
Event: 305.075 Thread 0x000002670042dd80 DEOPT PACKING pc=0x000002672dc41720 sp=0x0000009d05ffed20
Event: 305.075 Thread 0x000002670042dd80 DEOPT UNPACKING pc=0x000002672d1b3aa2 sp=0x0000009d05ffecc8 mode 2
Event: 305.075 Thread 0x000002670042dd80 Uncommon trap: trap_request=0xffffffde fr.pc=0x000002672dc41720 relative=0x00000000000003e0
Event: 305.075 Thread 0x000002670042dd80 Uncommon trap: reason=class_check action=maybe_recompile pc=0x000002672dc41720 method=java.io.DataOutputStream.writeInt(I)V @ 19 c2
Event: 305.075 Thread 0x000002670042dd80 DEOPT PACKING pc=0x000002672dc41720 sp=0x0000009d05ffebd0
Event: 305.075 Thread 0x000002670042dd80 DEOPT UNPACKING pc=0x000002672d1b3aa2 sp=0x0000009d05ffeb78 mode 2
Event: 305.076 Thread 0x000002670042dd80 Uncommon trap: trap_request=0xffffffde fr.pc=0x000002672dc41720 relative=0x00000000000003e0
Event: 305.076 Thread 0x000002670042dd80 Uncommon trap: reason=class_check action=maybe_recompile pc=0x000002672dc41720 method=java.io.DataOutputStream.writeInt(I)V @ 19 c2
Event: 305.076 Thread 0x000002670042dd80 DEOPT PACKING pc=0x000002672dc41720 sp=0x0000009d05ffe8a0
Event: 305.076 Thread 0x000002670042dd80 DEOPT UNPACKING pc=0x000002672d1b3aa2 sp=0x0000009d05ffe848 mode 2
Event: 305.090 Thread 0x000002670042dd80 Uncommon trap: trap_request=0xffffff45 fr.pc=0x000002672dd523fc relative=0x000000000000087c
Event: 305.090 Thread 0x000002670042dd80 Uncommon trap: reason=unstable_if action=reinterpret pc=0x000002672dd523fc method=java.io.InputStream.read([BII)I @ 52 c2
Event: 305.090 Thread 0x000002670042dd80 DEOPT PACKING pc=0x000002672dd523fc sp=0x0000009d05ffe9a0
Event: 305.090 Thread 0x000002670042dd80 DEOPT UNPACKING pc=0x000002672d1b3aa2 sp=0x0000009d05ffe950 mode 2
Event: 305.090 Thread 0x000002670042dd80 Uncommon trap: trap_request=0xffffffc6 fr.pc=0x000002672df59504 relative=0x0000000000002464
Event: 305.090 Thread 0x000002670042dd80 Uncommon trap: reason=bimorphic_or_optimized_type_check action=maybe_recompile pc=0x000002672df59504 method=java.util.Properties.load0(Ljava/util/Properties$LineReader;)V @ 241 c2
Event: 305.090 Thread 0x000002670042dd80 DEOPT PACKING pc=0x000002672df59504 sp=0x0000009d05ffeb20
Event: 305.090 Thread 0x000002670042dd80 DEOPT UNPACKING pc=0x000002672d1b3aa2 sp=0x0000009d05ffeb30 mode 2

Classes loaded (20 events):
Event: 241.228 Loading class java/io/CharArrayReader
Event: 241.228 Loading class java/io/CharArrayReader done
Event: 241.228 Loading class java/util/regex/Pattern$Bound
Event: 241.229 Loading class java/util/regex/Pattern$Bound done
Event: 305.002 Loading class java/util/stream/Nodes$CollectorTask$OfRef
Event: 305.002 Loading class java/util/stream/Nodes$CollectorTask
Event: 305.003 Loading class java/util/stream/Nodes$CollectorTask done
Event: 305.003 Loading class java/util/stream/Nodes$CollectorTask$OfRef done
Event: 305.003 Loading class java/util/function/LongFunction
Event: 305.003 Loading class java/util/function/LongFunction done
Event: 305.003 Loading class java/util/stream/Nodes$ConcNode
Event: 305.004 Loading class java/util/stream/Nodes$AbstractConcNode
Event: 305.004 Loading class java/util/stream/Nodes$AbstractConcNode done
Event: 305.004 Loading class java/util/stream/Nodes$ConcNode done
Event: 305.050 Loading class java/io/ObjectOutputStream$BlockDataOutputStream
Event: 305.051 Loading class java/io/ObjectOutputStream$BlockDataOutputStream done
Event: 305.051 Loading class java/io/ObjectOutputStream$HandleTable
Event: 305.051 Loading class java/io/ObjectOutputStream$HandleTable done
Event: 305.051 Loading class java/io/ObjectOutputStream$ReplaceTable
Event: 305.051 Loading class java/io/ObjectOutputStream$ReplaceTable done

Classes unloaded (10 events):
Event: 4.658 Thread 0x0000026722ae42f0 Unloading class 0x000002673b1b1000 'java/lang/invoke/LambdaForm$MH+0x000002673b1b1000'
Event: 4.658 Thread 0x0000026722ae42f0 Unloading class 0x000002673b1b0c00 'java/lang/invoke/LambdaForm$MH+0x000002673b1b0c00'
Event: 4.658 Thread 0x0000026722ae42f0 Unloading class 0x000002673b1b0800 'java/lang/invoke/LambdaForm$MH+0x000002673b1b0800'
Event: 4.658 Thread 0x0000026722ae42f0 Unloading class 0x000002673b1b0400 'java/lang/invoke/LambdaForm$MH+0x000002673b1b0400'
Event: 4.658 Thread 0x0000026722ae42f0 Unloading class 0x000002673b1b0000 'java/lang/invoke/LambdaForm$BMH+0x000002673b1b0000'
Event: 4.658 Thread 0x0000026722ae42f0 Unloading class 0x000002673b1afc00 'java/lang/invoke/LambdaForm$DMH+0x000002673b1afc00'
Event: 4.658 Thread 0x0000026722ae42f0 Unloading class 0x000002673b1ae800 'java/lang/invoke/LambdaForm$DMH+0x000002673b1ae800'
Event: 12.272 Thread 0x0000026722ae42f0 Unloading class 0x000002673b6a8800 'java/lang/invoke/LambdaForm$DMH+0x000002673b6a8800'
Event: 12.272 Thread 0x0000026722ae42f0 Unloading class 0x000002673b6a8400 'java/lang/invoke/LambdaForm$DMH+0x000002673b6a8400'
Event: 12.272 Thread 0x0000026722ae42f0 Unloading class 0x000002673b6a6400 'java/lang/invoke/LambdaForm$DMH+0x000002673b6a6400'

Classes redefined (0 events):
No events

Internal exceptions (20 events):
Event: 14.364 Thread 0x000002670042d6f0 Exception <a 'sun/nio/fs/WindowsException'{0x00000000d5cf8778}> (0x00000000d5cf8778) 
thrown [s\src\hotspot\share\prims\jni.cpp, line 520]
Event: 14.364 Thread 0x000002670042d6f0 Exception <a 'sun/nio/fs/WindowsException'{0x00000000d5cf9188}> (0x00000000d5cf9188) 
thrown [s\src\hotspot\share\prims\jni.cpp, line 520]
Event: 14.365 Thread 0x000002670042d6f0 Exception <a 'sun/nio/fs/WindowsException'{0x00000000d5cfacc0}> (0x00000000d5cfacc0) 
thrown [s\src\hotspot\share\prims\jni.cpp, line 520]
Event: 14.366 Thread 0x000002670042d6f0 Exception <a 'sun/nio/fs/WindowsException'{0x00000000d5cfb6d0}> (0x00000000d5cfb6d0) 
thrown [s\src\hotspot\share\prims\jni.cpp, line 520]
Event: 14.374 Thread 0x000002670042d6f0 Exception <a 'sun/nio/fs/WindowsException'{0x00000000d5d27328}> (0x00000000d5d27328) 
thrown [s\src\hotspot\share\prims\jni.cpp, line 520]
Event: 14.375 Thread 0x000002670042d6f0 Exception <a 'sun/nio/fs/WindowsException'{0x00000000d5d27d38}> (0x00000000d5d27d38) 
thrown [s\src\hotspot\share\prims\jni.cpp, line 520]
Event: 14.449 Thread 0x0000026703c53910 Exception <a 'java/lang/NoSuchMethodError'{0x00000000d5dfa4f8}: 'java.lang.Object java.lang.invoke.DirectMethodHandle$Holder.newInvokeSpecial(java.lang.Object, int, java.lang.Object, java.lang.Object, java.lang.Object)'> (0x00000000d5dfa4f8) 
thrown [s\src\hotspot\share\interpreter\linkResolver.cpp, line 773]
Event: 163.233 Thread 0x00000267013728d0 Exception <a 'java/lang/IncompatibleClassChangeError'{0x00000000d6643390}: Found class java.lang.Object, but interface was expected> (0x00000000d6643390) 
thrown [s\src\hotspot\share\interpreter\linkResolver.cpp, line 840]
Event: 174.669 Thread 0x00000267013728d0 Exception <a 'java/lang/IncompatibleClassChangeError'{0x00000000d57d9af0}: Found class java.lang.Object, but interface was expected> (0x00000000d57d9af0) 
thrown [s\src\hotspot\share\interpreter\linkResolver.cpp, line 840]
Event: 174.719 Thread 0x0000026703c53fa0 Exception <a 'java/lang/NoSuchMethodError'{0x00000000d59a4d80}: 'java.lang.Object java.lang.invoke.DirectMethodHandle$Holder.invokeSpecial(java.lang.Object, java.lang.Object, java.lang.Object, java.lang.Object, int, java.lang.Object, java.lang.Object)'> (0x00000000d59a4d80) 
thrown [s\src\hotspot\share\interpreter\linkResolver.cpp, line 773]
Event: 174.946 Thread 0x0000026703c52bf0 Exception <a 'java/lang/ArrayIndexOutOfBoundsException'{0x00000000d5f76a08}> (0x00000000d5f76a08) 
thrown [s\src\hotspot\share\runtime\sharedRuntime.cpp, line 625]
Event: 206.101 Thread 0x0000026703c53fa0 Implicit null exception at 0x000002672dcc1635 to 0x000002672dcc40a8
Event: 211.257 Thread 0x00000267013728d0 Exception <a 'java/lang/IncompatibleClassChangeError'{0x00000000d6132300}: Found class java.lang.Object, but interface was expected> (0x00000000d6132300) 
thrown [s\src\hotspot\share\interpreter\linkResolver.cpp, line 840]
Event: 241.269 Thread 0x0000026703c511b0 Exception <a 'java/lang/ClassNotFoundException'{0x00000000d6897540}: sun/net/www/protocol/jdt/Handler> (0x00000000d6897540) 
thrown [s\src\hotspot\share\classfile\systemDictionary.cpp, line 312]
Event: 241.269 Thread 0x0000026703c511b0 Exception <a 'java/lang/ClassNotFoundException'{0x00000000d689eb20}: sun/net/www/protocol/jdt/Handler> (0x00000000d689eb20) 
thrown [s\src\hotspot\share\classfile\systemDictionary.cpp, line 312]
Event: 305.032 Thread 0x000002670042dd80 Exception <a 'sun/nio/fs/WindowsException'{0x00000000d6606d40}> (0x00000000d6606d40) 
thrown [s\src\hotspot\share\prims\jni.cpp, line 520]
Event: 305.033 Thread 0x000002670042dd80 Exception <a 'sun/nio/fs/WindowsException'{0x00000000d6607770}> (0x00000000d6607770) 
thrown [s\src\hotspot\share\prims\jni.cpp, line 520]
Event: 305.034 Thread 0x000002670042dd80 Implicit null exception at 0x000002672de9fb90 to 0x000002672de9ff34
Event: 305.066 Thread 0x000002670042dd80 Exception <a 'java/lang/NoSuchMethodError'{0x00000000d667c468}: static [J.<clinit>()V> (0x00000000d667c468) 
thrown [s\src\hotspot\share\prims\jni.cpp, line 1111]
Event: 305.080 Thread 0x000002670042dd80 Exception <a 'java/lang/NoSuchMethodError'{0x00000000d66a8498}: 'java.lang.Object java.lang.invoke.DirectMethodHandle$Holder.newInvokeSpecial(java.lang.Object, java.lang.Object, java.lang.Object, java.lang.Object, java.lang.Object, java.lang.Object, java.lang.Object, java.lang.Object)'> (0x00000000d66a8498) 
thrown [s\src\hotspot\share\interpreter\linkResolver.cpp, line 773]

ZGC Phase Switch (0 events):
No events

VM Operations (20 events):
Event: 295.214 Executing VM operation: Cleanup
Event: 296.176 Executing VM operation: Cleanup done
Event: 296.951 Executing VM operation: ParallelGCFailedAllocation (Allocation Failure)
Event: 296.953 Executing VM operation: ParallelGCFailedAllocation (Allocation Failure) done
Event: 298.953 Executing VM operation: Cleanup
Event: 298.953 Executing VM operation: Cleanup done
Event: 299.735 Executing VM operation: HandshakeAllThreads (Deoptimize)
Event: 299.735 Executing VM operation: HandshakeAllThreads (Deoptimize) done
Event: 300.689 Executing VM operation: HandshakeAllThreads (HandshakeForDeflation)
Event: 300.689 Executing VM operation: HandshakeAllThreads (HandshakeForDeflation) done
Event: 300.689 Executing VM operation: Cleanup
Event: 300.689 Executing VM operation: Cleanup done
Event: 300.689 Executing VM operation: RendezvousGCThreads
Event: 300.689 Executing VM operation: RendezvousGCThreads done
Event: 305.691 Executing VM operation: Cleanup
Event: 305.691 Executing VM operation: Cleanup done
Event: 309.719 Executing VM operation: Cleanup
Event: 309.719 Executing VM operation: Cleanup done
Event: 313.759 Executing VM operation: Cleanup
Event: 313.759 Executing VM operation: Cleanup done

Memory protections (0 events):
No events

Nmethod flushes (20 events):
Event: 12.287 Thread 0x0000026722ae42f0 flushing  nmethod 0x0000026726477290
Event: 12.287 Thread 0x0000026722ae42f0 flushing  nmethod 0x000002672649c910
Event: 12.287 Thread 0x0000026722ae42f0 flushing  nmethod 0x00000267264a3010
Event: 12.287 Thread 0x0000026722ae42f0 flushing osr nmethod 0x00000267264e4f10
Event: 12.287 Thread 0x0000026722ae42f0 flushing  nmethod 0x00000267264ee890
Event: 12.287 Thread 0x0000026722ae42f0 flushing  nmethod 0x00000267264f1510
Event: 12.287 Thread 0x0000026722ae42f0 flushing  nmethod 0x0000026726500c90
Event: 12.287 Thread 0x0000026722ae42f0 flushing  nmethod 0x0000026726504190
Event: 12.287 Thread 0x0000026722ae42f0 flushing  nmethod 0x000002672650e390
Event: 12.287 Thread 0x0000026722ae42f0 flushing  nmethod 0x000002672650e990
Event: 12.287 Thread 0x0000026722ae42f0 flushing  nmethod 0x0000026726519490
Event: 12.287 Thread 0x0000026722ae42f0 flushing  nmethod 0x000002672654d310
Event: 12.287 Thread 0x0000026722ae42f0 flushing  nmethod 0x0000026726558390
Event: 12.287 Thread 0x0000026722ae42f0 flushing  nmethod 0x0000026726559c10
Event: 12.287 Thread 0x0000026722ae42f0 flushing  nmethod 0x0000026726576d90
Event: 12.287 Thread 0x0000026722ae42f0 flushing  nmethod 0x0000026726577390
Event: 12.287 Thread 0x0000026722ae42f0 flushing  nmethod 0x0000026726578e90
Event: 12.287 Thread 0x0000026722ae42f0 flushing  nmethod 0x000002672657eb90
Event: 12.287 Thread 0x0000026722ae42f0 flushing  nmethod 0x0000026726586990
Event: 12.287 Thread 0x0000026722ae42f0 flushing  nmethod 0x00000267265ac110

Events (20 events):
Event: 245.653 Thread 0x00000267229771f0 Thread added: 0x0000026702024160
Event: 246.826 Thread 0x0000026702024160 Thread exited: 0x0000026702024160
Event: 260.733 Thread 0x00000267229771f0 Thread added: 0x0000026701bcd920
Event: 261.273 Thread 0x0000026701bcd920 Thread exited: 0x0000026701bcd920
Event: 261.304 Thread 0x00000267229771f0 Thread added: 0x0000026701bcd920
Event: 264.932 Thread 0x0000026701bcd920 Thread exited: 0x0000026701bcd920
Event: 286.661 Thread 0x00000267229771f0 Thread added: 0x0000026701bcd920
Event: 286.853 Thread 0x0000026701bcd920 Thread exited: 0x0000026701bcd920
Event: 286.874 Thread 0x00000267229771f0 Thread added: 0x0000026701bcd920
Event: 290.349 Thread 0x0000026701bcd920 Thread exited: 0x0000026701bcd920
Event: 294.741 Thread 0x0000026722976300 Thread added: 0x0000026701eee250
Event: 298.108 Thread 0x0000026701eee250 Thread exited: 0x0000026701eee250
Event: 299.774 Thread 0x00000267229771f0 Thread added: 0x000002670282ba50
Event: 300.398 Thread 0x000002670282ba50 Thread exited: 0x000002670282ba50
Event: 304.998 Thread 0x000002670042dd80 Thread added: 0x0000026703c559e0
Event: 305.005 Thread 0x0000026703c559e0 Thread exited: 0x0000026703c559e0
Event: 305.039 Thread 0x000002670042dd80 Thread added: 0x0000026703c559e0
Event: 305.042 Thread 0x0000026703c559e0 Thread exited: 0x0000026703c559e0
Event: 309.657 Thread 0x00000267013735f0 Thread exited: 0x00000267013735f0
Event: 309.657 Thread 0x0000026701374310 Thread exited: 0x0000026701374310


Dynamic libraries:
0x00007ff7aac80000 - 0x00007ff7aac8e000 	c:\Users\Leila\.vscode\extensions\redhat.java-1.45.0-win32-x64\jre\21.0.8-win32-x86_64\bin\java.exe
0x00007ff82ca00000 - 0x00007ff82cc67000 	C:\WINDOWS\SYSTEM32\ntdll.dll
0x00007ff82c1e0000 - 0x00007ff82c2a9000 	C:\WINDOWS\System32\KERNEL32.DLL
0x00007ff829f70000 - 0x00007ff82a360000 	C:\WINDOWS\System32\KERNELBASE.dll
0x00007ff829e20000 - 0x00007ff829f6b000 	C:\WINDOWS\System32\ucrtbase.dll
0x00007ff81e940000 - 0x00007ff81e958000 	c:\Users\Leila\.vscode\extensions\redhat.java-1.45.0-win32-x64\jre\21.0.8-win32-x86_64\bin\jli.dll
0x00007ff82ae80000 - 0x00007ff82b045000 	C:\WINDOWS\System32\USER32.dll
0x00007ff82a760000 - 0x00007ff82a787000 	C:\WINDOWS\System32\win32u.dll
0x00007ff82bda0000 - 0x00007ff82bdcb000 	C:\WINDOWS\System32\GDI32.dll
0x00007ff82a590000 - 0x00007ff82a6c8000 	C:\WINDOWS\System32\gdi32full.dll
0x00007ff829d70000 - 0x00007ff829e13000 	C:\WINDOWS\System32\msvcp_win.dll
0x00007ff81bb50000 - 0x00007ff81bb6e000 	c:\Users\Leila\.vscode\extensions\redhat.java-1.45.0-win32-x64\jre\21.0.8-win32-x86_64\bin\VCRUNTIME140.dll
0x00007ff80d500000 - 0x00007ff80d79a000 	C:\WINDOWS\WinSxS\amd64_microsoft.windows.common-controls_6595b64144ccf1df_6.0.26100.4768_none_3e0c112ce331287c\COMCTL32.dll
0x00007ff82c900000 - 0x00007ff82c9a9000 	C:\WINDOWS\System32\msvcrt.dll
0x00007ff82c870000 - 0x00007ff82c89f000 	C:\WINDOWS\System32\IMM32.DLL
0x000000006b9e0000 - 0x000000006b9ec000 	C:\Program Files (x86)\360\Total Security\safemon\SafeWrapper.dll
0x00007ff82bbc0000 - 0x00007ff82bc74000 	C:\WINDOWS\System32\ADVAPI32.dll
0x00007ff82bc80000 - 0x00007ff82bd26000 	C:\WINDOWS\System32\sechost.dll
0x00007ff82a8d0000 - 0x00007ff82a9e8000 	C:\WINDOWS\System32\RPCRT4.dll
0x00007ff816020000 - 0x00007ff8160cc000 	C:\Program Files (x86)\360\Total Security\safemon\libzdtp64.dll
0x00007ff82b470000 - 0x00007ff82bbbd000 	C:\WINDOWS\System32\SHELL32.dll
0x00007ff829bf0000 - 0x00007ff829d63000 	C:\WINDOWS\System32\wintypes.dll
0x00007ff82be50000 - 0x00007ff82c1d5000 	C:\WINDOWS\System32\combase.dll
0x00007ff82bd30000 - 0x00007ff82bd9a000 	C:\WINDOWS\System32\SHLWAPI.dll
0x00007ff829620000 - 0x00007ff82962b000 	C:\WINDOWS\SYSTEM32\VERSION.dll
0x00007ff81e7a0000 - 0x00007ff81e7ac000 	c:\Users\Leila\.vscode\extensions\redhat.java-1.45.0-win32-x64\jre\21.0.8-win32-x86_64\bin\vcruntime140_1.dll
0x00007ffff2ce0000 - 0x00007ffff2d6d000 	c:\Users\Leila\.vscode\extensions\redhat.java-1.45.0-win32-x64\jre\21.0.8-win32-x86_64\bin\msvcp140.dll
0x00007fff6b880000 - 0x00007fff6c617000 	c:\Users\Leila\.vscode\extensions\redhat.java-1.45.0-win32-x64\jre\21.0.8-win32-x86_64\bin\server\jvm.dll
0x00007ff82bdd0000 - 0x00007ff82be44000 	C:\WINDOWS\System32\WS2_32.dll
0x00007ff829990000 - 0x00007ff8299ee000 	C:\WINDOWS\SYSTEM32\POWRPROF.dll
0x00007ff80d8a0000 - 0x00007ff80d8d5000 	C:\WINDOWS\SYSTEM32\WINMM.dll
0x00007ff829970000 - 0x00007ff829984000 	C:\WINDOWS\SYSTEM32\UMPDC.dll
0x00007ff828820000 - 0x00007ff82883b000 	C:\WINDOWS\SYSTEM32\kernel.appcore.dll
0x00007ff81a500000 - 0x00007ff81a50a000 	c:\Users\Leila\.vscode\extensions\redhat.java-1.45.0-win32-x64\jre\21.0.8-win32-x86_64\bin\jimage.dll
0x00007ff827190000 - 0x00007ff8273d1000 	C:\WINDOWS\SYSTEM32\DBGHELP.DLL
0x00007ff82b1d0000 - 0x00007ff82b2b0000 	C:\WINDOWS\System32\OLEAUT32.dll
0x00007ff81a090000 - 0x00007ff81a0d3000 	C:\WINDOWS\SYSTEM32\dbgcore.DLL
0x00007ff82a370000 - 0x00007ff82a409000 	C:\WINDOWS\System32\bcryptPrimitives.dll
0x00007ff8161f0000 - 0x00007ff8161ff000 	c:\Users\Leila\.vscode\extensions\redhat.java-1.45.0-win32-x64\jre\21.0.8-win32-x86_64\bin\instrument.dll
0x00007ff804ba0000 - 0x00007ff804bbf000 	c:\Users\Leila\.vscode\extensions\redhat.java-1.45.0-win32-x64\jre\21.0.8-win32-x86_64\bin\java.dll
0x00007ff827680000 - 0x00007ff827ee0000 	C:\WINDOWS\SYSTEM32\windows.storage.dll
0x00007ff82b050000 - 0x00007ff82b145000 	C:\WINDOWS\System32\SHCORE.dll
0x00007ff829a50000 - 0x00007ff829a79000 	C:\WINDOWS\SYSTEM32\profapi.dll
0x00007ff8018a0000 - 0x00007ff8018b8000 	c:\Users\Leila\.vscode\extensions\redhat.java-1.45.0-win32-x64\jre\21.0.8-win32-x86_64\bin\zip.dll
0x00007ff815f50000 - 0x00007ff815f60000 	C:\Users\Leila\.vscode\extensions\redhat.java-1.45.0-win32-x64\jre\21.0.8-win32-x86_64\bin\net.dll
0x00007ff81b160000 - 0x00007ff81b27e000 	C:\WINDOWS\SYSTEM32\WINHTTP.dll
0x00007ff828dd0000 - 0x00007ff828e3b000 	C:\WINDOWS\system32\mswsock.dll
0x00007ffffd690000 - 0x00007ffffd6a6000 	C:\Users\Leila\.vscode\extensions\redhat.java-1.45.0-win32-x64\jre\21.0.8-win32-x86_64\bin\nio.dll
0x00007ff815cc0000 - 0x00007ff815cd0000 	c:\Users\Leila\.vscode\extensions\redhat.java-1.45.0-win32-x64\jre\21.0.8-win32-x86_64\bin\verify.dll
0x00007ffffe410000 - 0x00007ffffe454000 	C:\Users\Leila\AppData\Roaming\Code\User\globalStorage\redhat.java\1.45.0\config_win\org.eclipse.equinox.launcher\org.eclipse.equinox.launcher.win32.win32.x86_64_1.2.1400.v20250801-0854\eclipse_11916.dll
0x00007ff82b2c0000 - 0x00007ff82b460000 	C:\WINDOWS\System32\ole32.dll
0x00007ff829090000 - 0x00007ff8290ab000 	C:\WINDOWS\SYSTEM32\CRYPTSP.dll
0x00007ff828780000 - 0x00007ff8287bb000 	C:\WINDOWS\system32\rsaenh.dll
0x00007ff828e70000 - 0x00007ff828e9b000 	C:\WINDOWS\SYSTEM32\USERENV.dll
0x00007ff829a20000 - 0x00007ff829a46000 	C:\WINDOWS\SYSTEM32\bcrypt.dll
0x00007ff8290b0000 - 0x00007ff8290bc000 	C:\WINDOWS\SYSTEM32\CRYPTBASE.dll
0x00007ff8282b0000 - 0x00007ff8282e3000 	C:\WINDOWS\SYSTEM32\IPHLPAPI.DLL
0x00007ff82a790000 - 0x00007ff82a79a000 	C:\WINDOWS\System32\NSI.dll
0x00007ffffe350000 - 0x00007ffffe399000 	C:\Users\Leila\AppData\Local\Temp\jna-73300837\jna17609226284313017371.dll
0x00007ff82c640000 - 0x00007ff82c648000 	C:\WINDOWS\System32\PSAPI.DLL
0x00007ff81b650000 - 0x00007ff81b66f000 	C:\WINDOWS\SYSTEM32\dhcpcsvc6.DLL
0x00007ff81b130000 - 0x00007ff81b155000 	C:\WINDOWS\SYSTEM32\dhcpcsvc.DLL

JVMTI agents:
c:\Users\Leila\.vscode\extensions\redhat.java-1.45.0-win32-x64\lombok\lombok-1.18.39-4050.jar path:c:\Users\Leila\.vscode\extensions\redhat.java-1.45.0-win32-x64\jre\21.0.8-win32-x86_64\bin\instrument.dll, loaded, initialized, instrumentlib options:none

dbghelp: loaded successfully - version: 4.0.5 - missing functions: none
symbol engine: initialized successfully - sym options: 0x614 - pdb path: .;c:\Users\Leila\.vscode\extensions\redhat.java-1.45.0-win32-x64\jre\21.0.8-win32-x86_64\bin;C:\WINDOWS\SYSTEM32;C:\WINDOWS\WinSxS\amd64_microsoft.windows.common-controls_6595b64144ccf1df_6.0.26100.4768_none_3e0c112ce331287c;C:\Program Files (x86)\360\Total Security\safemon;c:\Users\Leila\.vscode\extensions\redhat.java-1.45.0-win32-x64\jre\21.0.8-win32-x86_64\bin\server;C:\Users\Leila\AppData\Roaming\Code\User\globalStorage\redhat.java\1.45.0\config_win\org.eclipse.equinox.launcher\org.eclipse.equinox.launcher.win32.win32.x86_64_1.2.1400.v20250801-0854;C:\Users\Leila\AppData\Local\Temp\jna-73300837

VM Arguments:
jvm_args: --add-modules=ALL-SYSTEM --add-opens=java.base/java.util=ALL-UNNAMED --add-opens=java.base/java.lang=ALL-UNNAMED --add-opens=java.base/sun.nio.fs=ALL-UNNAMED -Declipse.application=org.eclipse.jdt.ls.core.id1 -Dosgi.bundles.defaultStartLevel=4 -Declipse.product=org.eclipse.jdt.ls.core.product -Djava.import.generatesMetadataFilesAtProjectRoot=false -DDetectVMInstallationsJob.disabled=true -Dfile.encoding=utf8 -XX:+UseParallelGC -XX:GCTimeRatio=4 -XX:AdaptiveSizePolicyWeight=90 -Dsun.zip.disableMemoryMapping=true -Xmx2G -Xms100m -Xlog:disable -javaagent:c:\Users\Leila\.vscode\extensions\redhat.java-1.45.0-win32-x64\lombok\lombok-1.18.39-4050.jar -XX:+HeapDumpOnOutOfMemoryError -XX:HeapDumpPath=c:\Users\Leila\AppData\Roaming\Code\User\workspaceStorage\f757e6a35c77bed097e894ac33e0c76e\redhat.java -Daether.dependencyCollector.impl=bf 
java_command: c:\Users\Leila\.vscode\extensions\redhat.java-1.45.0-win32-x64\server\plugins\org.eclipse.equinox.launcher_1.7.0.v20250519-0528.jar -configuration c:\Users\Leila\AppData\Roaming\Code\User\globalStorage\redhat.java\1.45.0\config_win -data c:\Users\Leila\AppData\Roaming\Code\User\workspaceStorage\f757e6a35c77bed097e894ac33e0c76e\redhat.java\jdt_ws --pipe=\\.\pipe\lsp-423d09ff7768ac60778f72bf1a209fe3-sock
java_class_path (initial): c:\Users\Leila\.vscode\extensions\redhat.java-1.45.0-win32-x64\server\plugins\org.eclipse.equinox.launcher_1.7.0.v20250519-0528.jar
Launcher Type: SUN_STANDARD

[Global flags]
    uintx AdaptiveSizePolicyWeight                 = 90                                        {product} {command line}
     intx CICompilerCount                          = 3                                         {product} {ergonomic}
    uintx GCTimeRatio                              = 4                                         {product} {command line}
     bool HeapDumpOnOutOfMemoryError               = true                                   {manageable} {command line}
    ccstr HeapDumpPath                             = c:\Users\Leila\AppData\Roaming\Code\User\workspaceStorage\f757e6a35c77bed097e894ac33e0c76e\redhat.java         {manageable} {command line}
   size_t InitialHeapSize                          = 104857600                                 {product} {command line}
   size_t MaxHeapSize                              = 2147483648                                {product} {command line}
   size_t MaxNewSize                               = 715653120                                 {product} {ergonomic}
   size_t MinHeapDeltaBytes                        = 524288                                    {product} {ergonomic}
   size_t MinHeapSize                              = 104857600                                 {product} {command line}
   size_t NewSize                                  = 34603008                                  {product} {ergonomic}
    uintx NonNMethodCodeHeapSize                   = 5832780                                {pd product} {ergonomic}
    uintx NonProfiledCodeHeapSize                  = 122912730                              {pd product} {ergonomic}
   size_t OldSize                                  = 70254592                                  {product} {ergonomic}
    uintx ProfiledCodeHeapSize                     = 122912730                              {pd product} {ergonomic}
    uintx ReservedCodeCacheSize                    = 251658240                              {pd product} {ergonomic}
     bool SegmentedCodeCache                       = true                                      {product} {ergonomic}
   size_t SoftMaxHeapSize                          = 2147483648                             {manageable} {ergonomic}
     bool UseCompressedOops                        = true                           {product lp64_product} {ergonomic}
     bool UseLargePagesIndividualAllocation        = false                                  {pd product} {ergonomic}
     bool UseParallelGC                            = true                                      {product} {command line}

Logging:
Log output configuration:
 #0: stdout all=off uptime,level,tags foldmultilines=false
 #1: stderr all=off uptime,level,tags foldmultilines=false

Environment Variables:
JAVA_HOME=C:\Program Files (x86)\Java\zulu17.58.21-ca-jdk17.0.15-win_x64\bin
PATH=C:\Program Files\PostgreSQL\17\bin;C:\Users\Leila\.console-ninja\.bin;C:\Program Files (x86)\Java\zulu17.58.21-ca-jdk17.0.15-win_x64\bin;C:\Users\Leila\AppData\Local\Programs\Microsoft VS Code\bin;
USERNAME=Leila
OS=Windows_NT
PROCESSOR_IDENTIFIER=Intel64 Family 6 Model 166 Stepping 0, GenuineIntel
TMP=C:\Users\Leila\AppData\Local\Temp
TEMP=C:\Users\Leila\AppData\Local\Temp




Periodic native trim disabled

---------------  S Y S T E M  ---------------

OS:
 Windows 11 , 64 bit Build 26100 (10.0.26100.4768)
OS uptime: 33 days 16:00 hours
Hyper-V role detected

CPU: total 4 (initial active 4) (2 cores per cpu, 2 threads per core) family 6 model 166 stepping 0 microcode 0xe0, cx8, cmov, fxsr, ht, mmx, 3dnowpref, sse, sse2, sse3, ssse3, sse4.1, sse4.2, popcnt, lzcnt, tsc, tscinvbit, avx, avx2, aes, erms, clmul, bmi1, bmi2, adx, fma, vzeroupper, clflush, clflushopt, hv, rdtscp, f16c
Processor Information for processor 0
  Max Mhz: 2592, Current Mhz: 2093, Mhz Limit: 2073
Processor Information for processor 1
  Max Mhz: 2592, Current Mhz: 2093, Mhz Limit: 2073
Processor Information for processor 2
  Max Mhz: 2592, Current Mhz: 1495, Mhz Limit: 2073
Processor Information for processor 3
  Max Mhz: 2592, Current Mhz: 1495, Mhz Limit: 2073

Memory: 4k page, system-wide physical 16198M (966M free)
TotalPageFile size 65350M (AvailPageFile size 0M)
current process WorkingSet (physical memory assigned to process): 346M, peak: 375M
current process commit charge ("private bytes"): 401M, peak: 431M

vm_info: OpenJDK 64-Bit Server VM (21.0.8+9-LTS) for windows-amd64 JRE (21.0.8+9-LTS), built on 2025-07-15T00:00:00Z by "admin" with MS VC++ 17.7 (VS2022)

END.
