#
# There is insufficient memory for the Java Runtime Environment to continue.
# Native memory allocation (malloc) failed to allocate 1203856 bytes. Error detail: Chunk::new
# Possible reasons:
#   The system is out of physical RAM or swap space
#   This process is running with CompressedOops enabled, and the Java Heap may be blocking the growth of the native heap
# Possible solutions:
#   Reduce memory load on the system
#   Increase physical memory or swap space
#   Check if swap backing store is full
#   Decrease Java heap size (-Xmx/-Xms)
#   Decrease number of Java threads
#   Decrease Java thread stack sizes (-Xss)
#   Set larger code cache with -XX:ReservedCodeCacheSize=
#   JVM is running with Unscaled Compressed Oops mode in which the Java heap is
#     placed in the first 4GB address space. The Java Heap base address is the
#     maximum limit for the native heap growth. Please use -XX:HeapBaseMinAddress
#     to set the Java Heap base and to place the Java Heap above 4GB virtual address.
# This output file may be truncated or incomplete.
#
#  Out of Memory Error (arena.cpp:168), pid=178064, tid=85264
#
# JRE version: OpenJDK Runtime Environment Temurin-21.0.8+9 (21.0.8+9) (build 21.0.8+9-LTS)
# Java VM: OpenJDK 64-Bit Server VM Temurin-21.0.8+9 (21.0.8+9-LTS, mixed mode, sharing, tiered, compressed oops, compressed class ptrs, parallel gc, windows-amd64)
# No core dump will be written. Minidumps are not enabled by default on client versions of Windows
#

---------------  S U M M A R Y ------------

Command Line: --add-modules=ALL-SYSTEM --add-opens=java.base/java.util=ALL-UNNAMED --add-opens=java.base/java.lang=ALL-UNNAMED --add-opens=java.base/sun.nio.fs=ALL-UNNAMED -Declipse.application=org.eclipse.jdt.ls.core.id1 -Dosgi.bundles.defaultStartLevel=4 -Declipse.product=org.eclipse.jdt.ls.core.product -Djava.import.generatesMetadataFilesAtProjectRoot=false -DDetectVMInstallationsJob.disabled=true -Dfile.encoding=utf8 -XX:+UseParallelGC -XX:GCTimeRatio=4 -XX:AdaptiveSizePolicyWeight=90 -Dsun.zip.disableMemoryMapping=true -Xmx2G -Xms100m -Xlog:disable -javaagent:c:\Users\Leila\.vscode\extensions\redhat.java-1.45.0-win32-x64\lombok\lombok-1.18.39-4050.jar -XX:+HeapDumpOnOutOfMemoryError -XX:HeapDumpPath=c:\Users\Leila\AppData\Roaming\Code\User\workspaceStorage\f757e6a35c77bed097e894ac33e0c76e\redhat.java -Daether.dependencyCollector.impl=bf c:\Users\Leila\.vscode\extensions\redhat.java-1.45.0-win32-x64\server\plugins\org.eclipse.equinox.launcher_1.7.0.v20250519-0528.jar -configuration c:\Users\Leila\AppData\Roaming\Code\User\globalStorage\redhat.java\1.45.0\config_win -data c:\Users\Leila\AppData\Roaming\Code\User\workspaceStorage\f757e6a35c77bed097e894ac33e0c76e\redhat.java\jdt_ws --pipe=\\.\pipe\lsp-e1ef5799f1e0f7a29032140a304332c9-sock

Host: Intel(R) Core(TM) i3-10110U CPU @ 2.10GHz, 4 cores, 15G,  Windows 11 , 64 bit Build 26100 (10.0.26100.4768)
Time: Thu Sep 18 20:29:33 2025 Hora oficial do Brasil elapsed time: 121.711059 seconds (0d 0h 2m 1s)

---------------  T H R E A D  ---------------

Current thread (0x00000152de8a6c00):  JavaThread "C2 CompilerThread0" daemon [_thread_in_native, id=85264, stack(0x00000052c9d00000,0x00000052c9e00000) (1024K)]


Current CompileTask:
C2:121711 14803 %     4       org.lombokweb.asm.ClassReader::readCode @ 1738 (5117 bytes)

Stack: [0x00000052c9d00000,0x00000052c9e00000]
Native frames: (J=compiled Java code, j=interpreted, Vv=VM code, C=native code)
V  [jvm.dll+0x6d2449]
V  [jvm.dll+0x8ae341]
V  [jvm.dll+0x8b08be]
V  [jvm.dll+0x8b0fa3]
V  [jvm.dll+0x280c96]
V  [jvm.dll+0xc581d]
V  [jvm.dll+0xc5d53]
V  [jvm.dll+0x3b9162]
V  [jvm.dll+0x385315]
V  [jvm.dll+0x38477a]
V  [jvm.dll+0x248ed0]
V  [jvm.dll+0x2484af]
V  [jvm.dll+0x1c89ee]
V  [jvm.dll+0x257d4d]
V  [jvm.dll+0x2562ea]
V  [jvm.dll+0x3f2d16]
V  [jvm.dll+0x857e6b]
V  [jvm.dll+0x6d0b0d]
C  [ucrtbase.dll+0x37b0]
C  [KERNEL32.DLL+0x2e8d7]
C  [ntdll.dll+0x3c34c]


---------------  P R O C E S S  ---------------

Threads class SMR info:
_java_thread_list=0x00000152fcf71f30, length=47, elements={
0x00000152dc621ee0, 0x00000152dea3d7b0, 0x00000152dea3e4b0, 0x00000152de899340,
0x00000152de899f90, 0x00000152de89e0e0, 0x00000152de8a2d80, 0x00000152de8a6c00,
0x00000152de8c6b80, 0x00000152dea11b50, 0x00000152fa2ba440, 0x00000152fada6c20,
0x00000152fa759020, 0x00000152faa2c690, 0x00000152fae1d3e0, 0x00000152fb122aa0,
0x00000152fb122410, 0x00000152fb121d80, 0x00000152fafcc150, 0x00000152fafca080,
0x00000152fafcd500, 0x00000152fafcada0, 0x00000152fafca710, 0x00000152fafcdb90,
0x00000152fafcc7e0, 0x00000152fafcb430, 0x00000152fafcbac0, 0x00000152fafd16a0,
0x00000152fafce220, 0x00000152fafd02f0, 0x00000152fafcfc60, 0x00000152fafce8b0,
0x00000152fafcef40, 0x00000152fafd0980, 0x00000152fafd1010, 0x00000152fc8fd100,
0x00000152fc8fc3e0, 0x00000152fc8fca70, 0x00000152fc8fd790, 0x00000152fc8fa310,
0x00000152fc8fa9a0, 0x00000152fd5c6c10, 0x00000152fd5c7930, 0x00000152fd5c9370,
0x00000152fd5c7fc0, 0x00000152fd5c72a0, 0x00000152fd5c8650
}

Java Threads: ( => current thread )
  0x00000152dc621ee0 JavaThread "main"                              [_thread_blocked, id=137784, stack(0x00000052c9300000,0x00000052c9400000) (1024K)]
  0x00000152dea3d7b0 JavaThread "Reference Handler"          daemon [_thread_blocked, id=6008, stack(0x00000052c9700000,0x00000052c9800000) (1024K)]
  0x00000152dea3e4b0 JavaThread "Finalizer"                  daemon [_thread_blocked, id=175504, stack(0x00000052c9800000,0x00000052c9900000) (1024K)]
  0x00000152de899340 JavaThread "Signal Dispatcher"          daemon [_thread_blocked, id=136196, stack(0x00000052c9900000,0x00000052c9a00000) (1024K)]
  0x00000152de899f90 JavaThread "Attach Listener"            daemon [_thread_blocked, id=95328, stack(0x00000052c9a00000,0x00000052c9b00000) (1024K)]
  0x00000152de89e0e0 JavaThread "Service Thread"             daemon [_thread_blocked, id=124532, stack(0x00000052c9b00000,0x00000052c9c00000) (1024K)]
  0x00000152de8a2d80 JavaThread "Monitor Deflation Thread"   daemon [_thread_blocked, id=156148, stack(0x00000052c9c00000,0x00000052c9d00000) (1024K)]
=>0x00000152de8a6c00 JavaThread "C2 CompilerThread0"         daemon [_thread_in_native, id=85264, stack(0x00000052c9d00000,0x00000052c9e00000) (1024K)]
  0x00000152de8c6b80 JavaThread "C1 CompilerThread0"         daemon [_thread_blocked, id=75868, stack(0x00000052c9e00000,0x00000052c9f00000) (1024K)]
  0x00000152dea11b50 JavaThread "Common-Cleaner"             daemon [_thread_blocked, id=49044, stack(0x00000052c9f00000,0x00000052ca000000) (1024K)]
  0x00000152fa2ba440 JavaThread "Notification Thread"        daemon [_thread_blocked, id=189860, stack(0x00000052ca000000,0x00000052ca100000) (1024K)]
  0x00000152fada6c20 JavaThread "Active Thread: Equinox Container: e4d9e9c0-002f-4ca6-8553-a2ce82ade78a"        [_thread_blocked, id=181688, stack(0x00000052ca500000,0x00000052ca600000) (1024K)]
  0x00000152fa759020 JavaThread "Refresh Thread: Equinox Container: e4d9e9c0-002f-4ca6-8553-a2ce82ade78a" daemon [_thread_blocked, id=199724, stack(0x00000052ca600000,0x00000052ca700000) (1024K)]
  0x00000152faa2c690 JavaThread "Framework Event Dispatcher: Equinox Container: e4d9e9c0-002f-4ca6-8553-a2ce82ade78a" daemon [_thread_blocked, id=12276, stack(0x00000052ca700000,0x00000052ca800000) (1024K)]
  0x00000152fae1d3e0 JavaThread "Start Level: Equinox Container: e4d9e9c0-002f-4ca6-8553-a2ce82ade78a" daemon [_thread_blocked, id=31312, stack(0x00000052ca800000,0x00000052ca900000) (1024K)]
  0x00000152fb122aa0 JavaThread "Bundle File Closer"         daemon [_thread_blocked, id=127968, stack(0x00000052ca900000,0x00000052caa00000) (1024K)]
  0x00000152fb122410 JavaThread "SCR Component Actor"        daemon [_thread_blocked, id=136516, stack(0x00000052caa00000,0x00000052cab00000) (1024K)]
  0x00000152fb121d80 JavaThread "Worker-JM"                         [_thread_blocked, id=1760, stack(0x00000052cac00000,0x00000052cad00000) (1024K)]
  0x00000152fafcc150 JavaThread "JNA Cleaner"                daemon [_thread_blocked, id=113828, stack(0x00000052ca100000,0x00000052ca200000) (1024K)]
  0x00000152fafca080 JavaThread "Worker-0"                          [_thread_blocked, id=89736, stack(0x00000052cad00000,0x00000052cae00000) (1024K)]
  0x00000152fafcd500 JavaThread "Worker-1"                          [_thread_blocked, id=45296, stack(0x00000052cae00000,0x00000052caf00000) (1024K)]
  0x00000152fafcada0 JavaThread "Worker-2"                          [_thread_blocked, id=20712, stack(0x00000052cb000000,0x00000052cb100000) (1024K)]
  0x00000152fafca710 JavaThread "Java indexing"              daemon [_thread_blocked, id=79104, stack(0x00000052cb100000,0x00000052cb200000) (1024K)]
  0x00000152fafcdb90 JavaThread "Worker-3"                          [_thread_blocked, id=121556, stack(0x00000052cb200000,0x00000052cb300000) (1024K)]
  0x00000152fafcc7e0 JavaThread "Worker-4"                          [_thread_blocked, id=199040, stack(0x00000052cb300000,0x00000052cb400000) (1024K)]
  0x00000152fafcb430 JavaThread "Worker-5"                          [_thread_blocked, id=10768, stack(0x00000052cb600000,0x00000052cb700000) (1024K)]
  0x00000152fafcbac0 JavaThread "Thread-2"                   daemon [_thread_in_native, id=58584, stack(0x00000052cb700000,0x00000052cb800000) (1024K)]
  0x00000152fafd16a0 JavaThread "Thread-3"                   daemon [_thread_in_native, id=155160, stack(0x00000052cb800000,0x00000052cb900000) (1024K)]
  0x00000152fafce220 JavaThread "Thread-4"                   daemon [_thread_in_native, id=134644, stack(0x00000052cb900000,0x00000052cba00000) (1024K)]
  0x00000152fafd02f0 JavaThread "Thread-5"                   daemon [_thread_in_native, id=151528, stack(0x00000052cba00000,0x00000052cbb00000) (1024K)]
  0x00000152fafcfc60 JavaThread "Thread-6"                   daemon [_thread_in_native, id=33804, stack(0x00000052cbb00000,0x00000052cbc00000) (1024K)]
  0x00000152fafce8b0 JavaThread "pool-2-thread-1"                   [_thread_blocked, id=68992, stack(0x00000052cbc00000,0x00000052cbd00000) (1024K)]
  0x00000152fafcef40 JavaThread "WorkspaceEventsHandler"            [_thread_blocked, id=133624, stack(0x00000052cbd00000,0x00000052cbe00000) (1024K)]
  0x00000152fafd0980 JavaThread "pool-1-thread-1"                   [_thread_blocked, id=166940, stack(0x00000052cbe00000,0x00000052cbf00000) (1024K)]
  0x00000152fafd1010 JavaThread "ForkJoinPool.commonPool-worker-1" daemon [_thread_blocked, id=177276, stack(0x00000052cbf00000,0x00000052cc000000) (1024K)]
  0x00000152fc8fd100 JavaThread "ForkJoinPool.commonPool-worker-2" daemon [_thread_blocked, id=125732, stack(0x00000052cc000000,0x00000052cc100000) (1024K)]
  0x00000152fc8fc3e0 JavaThread "LocalFile Deleter"          daemon [_thread_blocked, id=86332, stack(0x00000052cc200000,0x00000052cc300000) (1024K)]
  0x00000152fc8fca70 JavaThread "LocalFile Deleter"          daemon [_thread_blocked, id=191128, stack(0x00000052cc300000,0x00000052cc400000) (1024K)]
  0x00000152fc8fd790 JavaThread "LocalFile Deleter"          daemon [_thread_blocked, id=129740, stack(0x00000052cc400000,0x00000052cc500000) (1024K)]
  0x00000152fc8fa310 JavaThread "Compiler Source File Reader" daemon [_thread_blocked, id=26248, stack(0x00000052cc500000,0x00000052cc600000) (1024K)]
  0x00000152fc8fa9a0 JavaThread "Compiler Source File Reader" daemon [_thread_blocked, id=165084, stack(0x00000052cc600000,0x00000052cc700000) (1024K)]
  0x00000152fd5c6c10 JavaThread "Compiler Processing Task"   daemon [_thread_blocked, id=13284, stack(0x00000052cc700000,0x00000052cc800000) (1024K)]
  0x00000152fd5c7930 JavaThread "Compiler Class File Writer" daemon [_thread_blocked, id=21992, stack(0x00000052cc800000,0x00000052cc900000) (1024K)]
  0x00000152fd5c9370 JavaThread "Compiler Class File Writer" daemon [_thread_blocked, id=71536, stack(0x00000052cab00000,0x00000052cac00000) (1024K)]
  0x00000152fd5c7fc0 JavaThread "ForkJoinPool.commonPool-worker-3" daemon [_thread_blocked, id=87412, stack(0x00000052caf00000,0x00000052cb000000) (1024K)]
  0x00000152fd5c72a0 JavaThread "Cleaner-0"                  daemon [_thread_blocked, id=191388, stack(0x00000052ccb00000,0x00000052ccc00000) (1024K)]
  0x00000152fd5c8650 JavaThread "pool-1-thread-2"                   [_thread_blocked, id=123232, stack(0x00000052cc900000,0x00000052cca00000) (1024K)]
Total: 47

Other Threads:
  0x00000152de8905c0 VMThread "VM Thread"                           [id=51400, stack(0x00000052c9600000,0x00000052c9700000) (1024K)]
  0x00000152de80ba00 WatcherThread "VM Periodic Task Thread"        [id=163632, stack(0x00000052c9500000,0x00000052c9600000) (1024K)]
  0x00000152de9c2f60 WorkerThread "GC Thread#0"                     [id=119292, stack(0x00000052c9400000,0x00000052c9500000) (1024K)]
  0x00000152fa7397f0 WorkerThread "GC Thread#1"                     [id=125940, stack(0x00000052ca200000,0x00000052ca300000) (1024K)]
  0x00000152fa739b90 WorkerThread "GC Thread#2"                     [id=4960, stack(0x00000052ca300000,0x00000052ca400000) (1024K)]
  0x00000152fa92c7a0 WorkerThread "GC Thread#3"                     [id=8164, stack(0x00000052ca400000,0x00000052ca500000) (1024K)]
Total: 6

Threads with active compile tasks:
C2 CompilerThread0  121846 14803 %     4       org.lombokweb.asm.ClassReader::readCode @ 1738 (5117 bytes)
Total: 1

VM state: at safepoint (normal execution)

VM Mutex/Monitor currently owned by a thread:  ([mutex/lock_event])
[0x00007fff6c535458] Threads_lock - owner thread: 0x00000152de8905c0
[0x00007fff6c535558] Heap_lock - owner thread: 0x00000152fafd1010

Heap address: 0x0000000080000000, size: 2048 MB, Compressed Oops mode: 32-bit

CDS archive(s) mapped at: [0x0000015280000000-0x0000015280ba0000-0x0000015280ba0000), size 12189696, SharedBaseAddress: 0x0000015280000000, ArchiveRelocationMode: 1.
Compressed class space mapped at: 0x0000015281000000-0x00000152c1000000, reserved size: 1073741824
Narrow klass base: 0x0000015280000000, Narrow klass shift: 0, Narrow klass range: 0x100000000

GC Precious Log:
 CardTable entry size: 512
 CPUs: 4 total, 4 available
 Memory: 16198M
 Large Page Support: Disabled
 NUMA Support: Disabled
 Compressed Oops: Enabled (32-bit)
 Alignments: Space 512K, Generation 512K, Heap 2M
 Heap Min Capacity: 100M
 Heap Initial Capacity: 100M
 Heap Max Capacity: 2G
 Pre-touch: Disabled
 Parallel Workers: 4

Heap:
 PSYoungGen      total 2048K, used 272K [0x00000000d5580000, 0x00000000d5800000, 0x0000000100000000)
  eden space 1536K, 0% used [0x00000000d5580000,0x00000000d5580000,0x00000000d5700000)
  from space 512K, 53% used [0x00000000d5700000,0x00000000d5744010,0x00000000d5780000)
  to   space 512K, 0% used [0x00000000d5780000,0x00000000d5780000,0x00000000d5800000)
 ParOldGen       total 177664K, used 177208K [0x0000000080000000, 0x000000008ad80000, 0x00000000d5580000)
  object space 177664K, 99% used [0x0000000080000000,0x000000008ad0e198,0x000000008ad80000)
 Metaspace       used 76447K, committed 78080K, reserved 1179648K
  class space    used 7971K, committed 8768K, reserved 1048576K

Card table byte_map: [0x00000152de320000,0x00000152de730000] _byte_map_base: 0x00000152ddf20000

Marking Bits: (ParMarkBitMap*) 0x00007fff6c53a340
 Begin Bits: [0x00000152f0e20000, 0x00000152f2e20000)
 End Bits:   [0x00000152f2e20000, 0x00000152f4e20000)

Polling page: 0x00000152dc7e0000

Metaspace:

Usage:
  Non-class:     66.87 MB used.
      Class:      7.79 MB used.
       Both:     74.66 MB used.

Virtual space:
  Non-class space:      128.00 MB reserved,      67.69 MB ( 53%) committed,  2 nodes.
      Class space:        1.00 GB reserved,       8.56 MB ( <1%) committed,  1 nodes.
             Both:        1.12 GB reserved,      76.25 MB (  7%) committed. 

Chunk freelists:
   Non-Class:  11.59 MB
       Class:  7.47 MB
        Both:  19.07 MB

MaxMetaspaceSize: unlimited
CompressedClassSpaceSize: 1.00 GB
Initial GC threshold: 21.00 MB
Current GC threshold: 97.31 MB
CDS: on
 - commit_granule_bytes: 65536.
 - commit_granule_words: 8192.
 - virtual_space_node_default_size: 8388608.
 - enlarge_chunks_in_place: 1.
 - use_allocation_guard: 0.


Internal statistics:

num_allocs_failed_limit: 9.
num_arena_births: 1484.
num_arena_deaths: 18.
num_vsnodes_births: 3.
num_vsnodes_deaths: 0.
num_space_committed: 1220.
num_space_uncommitted: 0.
num_chunks_returned_to_freelist: 29.
num_chunks_taken_from_freelist: 5257.
num_chunk_merges: 11.
num_chunk_splits: 3207.
num_chunks_enlarged: 1739.
num_inconsistent_stats: 0.

CodeHeap 'non-profiled nmethods': size=120000Kb used=11386Kb max_used=11386Kb free=108613Kb
 bounds [0x00000152e9640000, 0x00000152ea160000, 0x00000152f0b70000]
CodeHeap 'profiled nmethods': size=120000Kb used=34540Kb max_used=34540Kb free=85459Kb
 bounds [0x00000152e1b70000, 0x00000152e3d30000, 0x00000152e90a0000]
CodeHeap 'non-nmethods': size=5760Kb used=1471Kb max_used=1572Kb free=4288Kb
 bounds [0x00000152e90a0000, 0x00000152e9310000, 0x00000152e9640000]
CodeCache: size=245760Kb, used=47397Kb, max_used=47498Kb, free=198360Kb
 total_blobs=14843, nmethods=14051, adapters=694, full_count=0
Compilation: enabled, stopped_count=0, restarted_count=0

Compilation events (20 events):
Event: 119.187 Thread 0x00000152de8a6c00 nmethod 14799 0x00000152ea15e090 code [0x00000152ea15e220, 0x00000152ea15e2d0]
Event: 119.196 Thread 0x00000152de8c6b80 14800       3       org.eclipse.jdt.internal.compiler.codegen.CodeStream::ldcForIndex (165 bytes)
Event: 119.197 Thread 0x00000152de8c6b80 nmethod 14800 0x00000152e3d24610 code [0x00000152e3d24840, 0x00000152e3d25068]
Event: 119.197 Thread 0x00000152de8c6b80 14801       3       org.eclipse.jdt.internal.compiler.codegen.StackMapFrameCodeStream::return_ (13 bytes)
Event: 119.197 Thread 0x00000152de8c6b80 nmethod 14801 0x00000152e3d25390 code [0x00000152e3d25540, 0x00000152e3d25750]
Event: 119.542 Thread 0x00000152de8c6b80 14802       3       org.eclipse.jdt.internal.corext.util.JavaModelUtil::isVersionLessThan (12 bytes)
Event: 119.542 Thread 0x00000152de8c6b80 nmethod 14802 0x00000152e3d25810 code [0x00000152e3d25a00, 0x00000152e3d25de8]
Event: 119.552 Thread 0x00000152de8a6c00 14803 %     4       org.lombokweb.asm.ClassReader::readCode @ 1738 (5117 bytes)
Event: 119.609 Thread 0x00000152de8c6b80 14805       3       lombok.patcher.MethodLogistics::returnOpcodeFor (144 bytes)
Event: 119.613 Thread 0x00000152de8c6b80 nmethod 14805 0x00000152e3d25f90 code [0x00000152e3d26240, 0x00000152e3d26df8]
Event: 119.613 Thread 0x00000152de8c6b80 14808       3       lombok.patcher.MethodLogistics::<init> (205 bytes)
Event: 119.617 Thread 0x00000152de8c6b80 nmethod 14808 0x00000152e3d27290 code [0x00000152e3d276c0, 0x00000152e3d298f0]
Event: 119.649 Thread 0x00000152de8c6b80 14809       3       org.eclipse.jdt.core.dom.AnnotatableType::annotations (16 bytes)
Event: 119.649 Thread 0x00000152de8c6b80 nmethod 14809 0x00000152e3d2a690 code [0x00000152e3d2a860, 0x00000152e3d2ab00]
Event: 120.667 Thread 0x00000152de8c6b80 14810       1       org.eclipse.jdt.internal.formatter.TokenTraverser::getNext (5 bytes)
Event: 120.667 Thread 0x00000152de8c6b80 nmethod 14810 0x00000152ea15e390 code [0x00000152ea15e520, 0x00000152ea15e5e8]
Event: 120.692 Thread 0x00000152de8c6b80 14811       1       org.eclipse.jdt.internal.corext.fix.AbstractFixCore::getDisplayString (5 bytes)
Event: 120.692 Thread 0x00000152de8c6b80 nmethod 14811 0x00000152ea15e690 code [0x00000152ea15e820, 0x00000152ea15e8e8]
Event: 120.695 Thread 0x00000152de8c6b80 14812       3       org.eclipse.jdt.internal.corext.util.JavaModelUtil::getSourceCompliance (24 bytes)
Event: 120.696 Thread 0x00000152de8c6b80 nmethod 14812 0x00000152e3d2ac10 code [0x00000152e3d2ae00, 0x00000152e3d2b178]

GC Heap History (20 events):
Event: 118.002 GC heap after
{Heap after GC invocations=250 (full 3):
 PSYoungGen      total 1536K, used 128K [0x00000000d5580000, 0x00000000d5800000, 0x0000000100000000)
  eden space 1024K, 0% used [0x00000000d5580000,0x00000000d5580000,0x00000000d5680000)
  from space 512K, 25% used [0x00000000d5700000,0x00000000d5720000,0x00000000d5780000)
  to   space 512K, 0% used [0x00000000d5780000,0x00000000d5780000,0x00000000d5800000)
 ParOldGen       total 176640K, used 176560K [0x0000000080000000, 0x000000008ac80000, 0x00000000d5580000)
  object space 176640K, 99% used [0x0000000080000000,0x000000008ac6c048,0x000000008ac80000)
 Metaspace       used 75824K, committed 77440K, reserved 1179648K
  class space    used 7909K, committed 8704K, reserved 1048576K
}
Event: 118.785 GC heap before
{Heap before GC invocations=251 (full 3):
 PSYoungGen      total 1536K, used 1152K [0x00000000d5580000, 0x00000000d5800000, 0x0000000100000000)
  eden space 1024K, 100% used [0x00000000d5580000,0x00000000d5680000,0x00000000d5680000)
  from space 512K, 25% used [0x00000000d5700000,0x00000000d5720000,0x00000000d5780000)
  to   space 512K, 0% used [0x00000000d5780000,0x00000000d5780000,0x00000000d5800000)
 ParOldGen       total 176640K, used 176560K [0x0000000080000000, 0x000000008ac80000, 0x00000000d5580000)
  object space 176640K, 99% used [0x0000000080000000,0x000000008ac6c048,0x000000008ac80000)
 Metaspace       used 75825K, committed 77440K, reserved 1179648K
  class space    used 7909K, committed 8704K, reserved 1048576K
}
Event: 118.787 GC heap after
{Heap after GC invocations=251 (full 3):
 PSYoungGen      total 1536K, used 304K [0x00000000d5580000, 0x00000000d5800000, 0x0000000100000000)
  eden space 1024K, 0% used [0x00000000d5580000,0x00000000d5580000,0x00000000d5680000)
  from space 512K, 59% used [0x00000000d5780000,0x00000000d57cc010,0x00000000d5800000)
  to   space 512K, 0% used [0x00000000d5700000,0x00000000d5700000,0x00000000d5780000)
 ParOldGen       total 176640K, used 176576K [0x0000000080000000, 0x000000008ac80000, 0x00000000d5580000)
  object space 176640K, 99% used [0x0000000080000000,0x000000008ac70048,0x000000008ac80000)
 Metaspace       used 75825K, committed 77440K, reserved 1179648K
  class space    used 7909K, committed 8704K, reserved 1048576K
}
Event: 118.907 GC heap before
{Heap before GC invocations=252 (full 3):
 PSYoungGen      total 1536K, used 1326K [0x00000000d5580000, 0x00000000d5800000, 0x0000000100000000)
  eden space 1024K, 99% used [0x00000000d5580000,0x00000000d567f880,0x00000000d5680000)
  from space 512K, 59% used [0x00000000d5780000,0x00000000d57cc010,0x00000000d5800000)
  to   space 512K, 0% used [0x00000000d5700000,0x00000000d5700000,0x00000000d5780000)
 ParOldGen       total 176640K, used 176576K [0x0000000080000000, 0x000000008ac80000, 0x00000000d5580000)
  object space 176640K, 99% used [0x0000000080000000,0x000000008ac70048,0x000000008ac80000)
 Metaspace       used 75825K, committed 77440K, reserved 1179648K
  class space    used 7909K, committed 8704K, reserved 1048576K
}
Event: 118.908 GC heap after
{Heap after GC invocations=252 (full 3):
 PSYoungGen      total 1536K, used 400K [0x00000000d5580000, 0x00000000d5800000, 0x0000000100000000)
  eden space 1024K, 0% used [0x00000000d5580000,0x00000000d5580000,0x00000000d5680000)
  from space 512K, 78% used [0x00000000d5700000,0x00000000d5764010,0x00000000d5780000)
  to   space 512K, 0% used [0x00000000d5780000,0x00000000d5780000,0x00000000d5800000)
 ParOldGen       total 176640K, used 176608K [0x0000000080000000, 0x000000008ac80000, 0x00000000d5580000)
  object space 176640K, 99% used [0x0000000080000000,0x000000008ac78048,0x000000008ac80000)
 Metaspace       used 75825K, committed 77440K, reserved 1179648K
  class space    used 7909K, committed 8704K, reserved 1048576K
}
Event: 119.181 GC heap before
{Heap before GC invocations=253 (full 3):
 PSYoungGen      total 1536K, used 1420K [0x00000000d5580000, 0x00000000d5800000, 0x0000000100000000)
  eden space 1024K, 99% used [0x00000000d5580000,0x00000000d567f128,0x00000000d5680000)
  from space 512K, 78% used [0x00000000d5700000,0x00000000d5764010,0x00000000d5780000)
  to   space 512K, 0% used [0x00000000d5780000,0x00000000d5780000,0x00000000d5800000)
 ParOldGen       total 176640K, used 176608K [0x0000000080000000, 0x000000008ac80000, 0x00000000d5580000)
  object space 176640K, 99% used [0x0000000080000000,0x000000008ac78048,0x000000008ac80000)
 Metaspace       used 75826K, committed 77440K, reserved 1179648K
  class space    used 7909K, committed 8704K, reserved 1048576K
}
Event: 119.182 GC heap after
{Heap after GC invocations=253 (full 3):
 PSYoungGen      total 1536K, used 128K [0x00000000d5580000, 0x00000000d5800000, 0x0000000100000000)
  eden space 1024K, 0% used [0x00000000d5580000,0x00000000d5580000,0x00000000d5680000)
  from space 512K, 25% used [0x00000000d5780000,0x00000000d57a0000,0x00000000d5800000)
  to   space 512K, 0% used [0x00000000d5700000,0x00000000d5700000,0x00000000d5780000)
 ParOldGen       total 177152K, used 176965K [0x0000000080000000, 0x000000008ad00000, 0x00000000d5580000)
  object space 177152K, 99% used [0x0000000080000000,0x000000008acd14d8,0x000000008ad00000)
 Metaspace       used 75826K, committed 77440K, reserved 1179648K
  class space    used 7909K, committed 8704K, reserved 1048576K
}
Event: 119.188 GC heap before
{Heap before GC invocations=254 (full 3):
 PSYoungGen      total 1536K, used 1151K [0x00000000d5580000, 0x00000000d5800000, 0x0000000100000000)
  eden space 1024K, 99% used [0x00000000d5580000,0x00000000d567fe88,0x00000000d5680000)
  from space 512K, 25% used [0x00000000d5780000,0x00000000d57a0000,0x00000000d5800000)
  to   space 512K, 0% used [0x00000000d5700000,0x00000000d5700000,0x00000000d5780000)
 ParOldGen       total 177152K, used 176965K [0x0000000080000000, 0x000000008ad00000, 0x00000000d5580000)
  object space 177152K, 99% used [0x0000000080000000,0x000000008acd14d8,0x000000008ad00000)
 Metaspace       used 75836K, committed 77504K, reserved 1179648K
  class space    used 7912K, committed 8704K, reserved 1048576K
}
Event: 119.189 GC heap after
{Heap after GC invocations=254 (full 3):
 PSYoungGen      total 1536K, used 320K [0x00000000d5580000, 0x00000000d5800000, 0x0000000100000000)
  eden space 1024K, 0% used [0x00000000d5580000,0x00000000d5580000,0x00000000d5680000)
  from space 512K, 62% used [0x00000000d5700000,0x00000000d5750000,0x00000000d5780000)
  to   space 512K, 0% used [0x00000000d5780000,0x00000000d5780000,0x00000000d5800000)
 ParOldGen       total 177152K, used 177013K [0x0000000080000000, 0x000000008ad00000, 0x00000000d5580000)
  object space 177152K, 99% used [0x0000000080000000,0x000000008acdd4d8,0x000000008ad00000)
 Metaspace       used 75836K, committed 77504K, reserved 1179648K
  class space    used 7912K, committed 8704K, reserved 1048576K
}
Event: 119.197 GC heap before
{Heap before GC invocations=255 (full 3):
 PSYoungGen      total 1536K, used 1331K [0x00000000d5580000, 0x00000000d5800000, 0x0000000100000000)
  eden space 1024K, 98% used [0x00000000d5580000,0x00000000d567cef0,0x00000000d5680000)
  from space 512K, 62% used [0x00000000d5700000,0x00000000d5750000,0x00000000d5780000)
  to   space 512K, 0% used [0x00000000d5780000,0x00000000d5780000,0x00000000d5800000)
 ParOldGen       total 177152K, used 177013K [0x0000000080000000, 0x000000008ad00000, 0x00000000d5580000)
  object space 177152K, 99% used [0x0000000080000000,0x000000008acdd4d8,0x000000008ad00000)
 Metaspace       used 75838K, committed 77504K, reserved 1179648K
  class space    used 7912K, committed 8704K, reserved 1048576K
}
Event: 119.198 GC heap after
{Heap after GC invocations=255 (full 3):
 PSYoungGen      total 1536K, used 96K [0x00000000d5580000, 0x00000000d5800000, 0x0000000100000000)
  eden space 1024K, 0% used [0x00000000d5580000,0x00000000d5580000,0x00000000d5680000)
  from space 512K, 18% used [0x00000000d5780000,0x00000000d5798000,0x00000000d5800000)
  to   space 512K, 0% used [0x00000000d5700000,0x00000000d5700000,0x00000000d5780000)
 ParOldGen       total 177152K, used 177051K [0x0000000080000000, 0x000000008ad00000, 0x00000000d5580000)
  object space 177152K, 99% used [0x0000000080000000,0x000000008ace6f18,0x000000008ad00000)
 Metaspace       used 75838K, committed 77504K, reserved 1179648K
  class space    used 7912K, committed 8704K, reserved 1048576K
}
Event: 119.531 GC heap before
{Heap before GC invocations=256 (full 3):
 PSYoungGen      total 1536K, used 1114K [0x00000000d5580000, 0x00000000d5800000, 0x0000000100000000)
  eden space 1024K, 99% used [0x00000000d5580000,0x00000000d567eb38,0x00000000d5680000)
  from space 512K, 18% used [0x00000000d5780000,0x00000000d5798000,0x00000000d5800000)
  to   space 512K, 0% used [0x00000000d5700000,0x00000000d5700000,0x00000000d5780000)
 ParOldGen       total 177152K, used 177051K [0x0000000080000000, 0x000000008ad00000, 0x00000000d5580000)
  object space 177152K, 99% used [0x0000000080000000,0x000000008ace6f18,0x000000008ad00000)
 Metaspace       used 75962K, committed 77632K, reserved 1179648K
  class space    used 7916K, committed 8704K, reserved 1048576K
}
Event: 119.533 GC heap after
{Heap after GC invocations=256 (full 3):
 PSYoungGen      total 1536K, used 128K [0x00000000d5580000, 0x00000000d5800000, 0x0000000100000000)
  eden space 1024K, 0% used [0x00000000d5580000,0x00000000d5580000,0x00000000d5680000)
  from space 512K, 25% used [0x00000000d5700000,0x00000000d5720000,0x00000000d5780000)
  to   space 512K, 0% used [0x00000000d5780000,0x00000000d5780000,0x00000000d5800000)
 ParOldGen       total 177152K, used 177059K [0x0000000080000000, 0x000000008ad00000, 0x00000000d5580000)
  object space 177152K, 99% used [0x0000000080000000,0x000000008ace8f18,0x000000008ad00000)
 Metaspace       used 75962K, committed 77632K, reserved 1179648K
  class space    used 7916K, committed 8704K, reserved 1048576K
}
Event: 119.558 GC heap before
{Heap before GC invocations=257 (full 3):
 PSYoungGen      total 1536K, used 1152K [0x00000000d5580000, 0x00000000d5800000, 0x0000000100000000)
  eden space 1024K, 100% used [0x00000000d5580000,0x00000000d5680000,0x00000000d5680000)
  from space 512K, 25% used [0x00000000d5700000,0x00000000d5720000,0x00000000d5780000)
  to   space 512K, 0% used [0x00000000d5780000,0x00000000d5780000,0x00000000d5800000)
 ParOldGen       total 177152K, used 177059K [0x0000000080000000, 0x000000008ad00000, 0x00000000d5580000)
  object space 177152K, 99% used [0x0000000080000000,0x000000008ace8f18,0x000000008ad00000)
 Metaspace       used 76085K, committed 77696K, reserved 1179648K
  class space    used 7938K, committed 8704K, reserved 1048576K
}
Event: 119.560 GC heap after
{Heap after GC invocations=257 (full 3):
 PSYoungGen      total 1536K, used 128K [0x00000000d5580000, 0x00000000d5800000, 0x0000000100000000)
  eden space 1024K, 0% used [0x00000000d5580000,0x00000000d5580000,0x00000000d5680000)
  from space 512K, 25% used [0x00000000d5780000,0x00000000d57a0000,0x00000000d5800000)
  to   space 512K, 0% used [0x00000000d5700000,0x00000000d5700000,0x00000000d5780000)
 ParOldGen       total 177152K, used 177091K [0x0000000080000000, 0x000000008ad00000, 0x00000000d5580000)
  object space 177152K, 99% used [0x0000000080000000,0x000000008acf0f18,0x000000008ad00000)
 Metaspace       used 76085K, committed 77696K, reserved 1179648K
  class space    used 7938K, committed 8704K, reserved 1048576K
}
Event: 119.610 GC heap before
{Heap before GC invocations=258 (full 3):
 PSYoungGen      total 1536K, used 1151K [0x00000000d5580000, 0x00000000d5800000, 0x0000000100000000)
  eden space 1024K, 99% used [0x00000000d5580000,0x00000000d567fc00,0x00000000d5680000)
  from space 512K, 25% used [0x00000000d5780000,0x00000000d57a0000,0x00000000d5800000)
  to   space 512K, 0% used [0x00000000d5700000,0x00000000d5700000,0x00000000d5780000)
 ParOldGen       total 177152K, used 177091K [0x0000000080000000, 0x000000008ad00000, 0x00000000d5580000)
  object space 177152K, 99% used [0x0000000080000000,0x000000008acf0f18,0x000000008ad00000)
 Metaspace       used 76170K, committed 77760K, reserved 1179648K
  class space    used 7947K, committed 8704K, reserved 1048576K
}
Event: 119.612 GC heap after
{Heap after GC invocations=258 (full 3):
 PSYoungGen      total 1536K, used 224K [0x00000000d5580000, 0x00000000d5800000, 0x0000000100000000)
  eden space 1024K, 0% used [0x00000000d5580000,0x00000000d5580000,0x00000000d5680000)
  from space 512K, 43% used [0x00000000d5700000,0x00000000d5738000,0x00000000d5780000)
  to   space 512K, 0% used [0x00000000d5780000,0x00000000d5780000,0x00000000d5800000)
 ParOldGen       total 177152K, used 177123K [0x0000000080000000, 0x000000008ad00000, 0x00000000d5580000)
  object space 177152K, 99% used [0x0000000080000000,0x000000008acf8f18,0x000000008ad00000)
 Metaspace       used 76170K, committed 77760K, reserved 1179648K
  class space    used 7947K, committed 8704K, reserved 1048576K
}
Event: 119.654 GC heap before
{Heap before GC invocations=259 (full 3):
 PSYoungGen      total 1536K, used 1248K [0x00000000d5580000, 0x00000000d5800000, 0x0000000100000000)
  eden space 1024K, 100% used [0x00000000d5580000,0x00000000d5680000,0x00000000d5680000)
  from space 512K, 43% used [0x00000000d5700000,0x00000000d5738000,0x00000000d5780000)
  to   space 512K, 0% used [0x00000000d5780000,0x00000000d5780000,0x00000000d5800000)
 ParOldGen       total 177152K, used 177123K [0x0000000080000000, 0x000000008ad00000, 0x00000000d5580000)
  object space 177152K, 99% used [0x0000000080000000,0x000000008acf8f18,0x000000008ad00000)
 Metaspace       used 76391K, committed 78016K, reserved 1179648K
  class space    used 7963K, committed 8768K, reserved 1048576K
}
Event: 120.663 GC heap after
{Heap after GC invocations=259 (full 3):
 PSYoungGen      total 2048K, used 192K [0x00000000d5580000, 0x00000000d5800000, 0x0000000100000000)
  eden space 1536K, 0% used [0x00000000d5580000,0x00000000d5580000,0x00000000d5700000)
  from space 512K, 37% used [0x00000000d5780000,0x00000000d57b0000,0x00000000d5800000)
  to   space 512K, 0% used [0x00000000d5700000,0x00000000d5700000,0x00000000d5780000)
 ParOldGen       total 177664K, used 177176K [0x0000000080000000, 0x000000008ad80000, 0x00000000d5580000)
  object space 177664K, 99% used [0x0000000080000000,0x000000008ad06198,0x000000008ad80000)
 Metaspace       used 76391K, committed 78016K, reserved 1179648K
  class space    used 7963K, committed 8768K, reserved 1048576K
}
Event: 120.697 GC heap before
{Heap before GC invocations=260 (full 3):
 PSYoungGen      total 2048K, used 1728K [0x00000000d5580000, 0x00000000d5800000, 0x0000000100000000)
  eden space 1536K, 100% used [0x00000000d5580000,0x00000000d5700000,0x00000000d5700000)
  from space 512K, 37% used [0x00000000d5780000,0x00000000d57b0000,0x00000000d5800000)
  to   space 512K, 0% used [0x00000000d5700000,0x00000000d5700000,0x00000000d5780000)
 ParOldGen       total 177664K, used 177176K [0x0000000080000000, 0x000000008ad80000, 0x00000000d5580000)
  object space 177664K, 99% used [0x0000000080000000,0x000000008ad06198,0x000000008ad80000)
 Metaspace       used 76447K, committed 78080K, reserved 1179648K
  class space    used 7971K, committed 8768K, reserved 1048576K
}

Dll operation events (10 events):
Event: 0.021 Loaded shared library c:\Users\Leila\.vscode\extensions\redhat.java-1.45.0-win32-x64\jre\21.0.8-win32-x86_64\bin\java.dll
Event: 0.094 Loaded shared library c:\Users\Leila\.vscode\extensions\redhat.java-1.45.0-win32-x64\jre\21.0.8-win32-x86_64\bin\zip.dll
Event: 0.116 Loaded shared library C:\Users\Leila\.vscode\extensions\redhat.java-1.45.0-win32-x64\jre\21.0.8-win32-x86_64\bin\instrument.dll
Event: 0.121 Loaded shared library C:\Users\Leila\.vscode\extensions\redhat.java-1.45.0-win32-x64\jre\21.0.8-win32-x86_64\bin\net.dll
Event: 0.123 Loaded shared library C:\Users\Leila\.vscode\extensions\redhat.java-1.45.0-win32-x64\jre\21.0.8-win32-x86_64\bin\nio.dll
Event: 0.126 Loaded shared library C:\Users\Leila\.vscode\extensions\redhat.java-1.45.0-win32-x64\jre\21.0.8-win32-x86_64\bin\zip.dll
Event: 0.143 Loaded shared library C:\Users\Leila\.vscode\extensions\redhat.java-1.45.0-win32-x64\jre\21.0.8-win32-x86_64\bin\jimage.dll
Event: 0.233 Loaded shared library c:\Users\Leila\.vscode\extensions\redhat.java-1.45.0-win32-x64\jre\21.0.8-win32-x86_64\bin\verify.dll
Event: 1.938 Loaded shared library C:\Users\Leila\AppData\Roaming\Code\User\globalStorage\redhat.java\1.45.0\config_win\org.eclipse.equinox.launcher\org.eclipse.equinox.launcher.win32.win32.x86_64_1.2.1400.v20250801-0854\eclipse_11916.dll
Event: 4.122 Loaded shared library C:\Users\Leila\AppData\Local\Temp\jna-73300837\jna578842155775326112.dll

Deoptimization events (20 events):
Event: 117.020 Thread 0x00000152fafcada0 Uncommon trap: trap_request=0xffffffbe fr.pc=0x00000152ea130664 relative=0x0000000000000464
Event: 117.020 Thread 0x00000152fafcada0 Uncommon trap: reason=profile_predicate action=maybe_recompile pc=0x00000152ea130664 method=org.eclipse.sisu.plexus.CompositeBeanHelper.findMethod(Ljava/lang/Class;[Ljava/lang/reflect/Type;Ljava/lang/String;Ljava/lang/Class;)Ljava/lang/reflect/Method; @ 2
Event: 117.020 Thread 0x00000152fafcada0 DEOPT PACKING pc=0x00000152ea130664 sp=0x00000052cb0fd6a0
Event: 117.020 Thread 0x00000152fafcada0 DEOPT UNPACKING pc=0x00000152e90f3aa2 sp=0x00000052cb0fd628 mode 2
Event: 117.020 Thread 0x00000152fafcada0 Uncommon trap: trap_request=0xffffffbe fr.pc=0x00000152ea130664 relative=0x0000000000000464
Event: 117.020 Thread 0x00000152fafcada0 Uncommon trap: reason=profile_predicate action=maybe_recompile pc=0x00000152ea130664 method=org.eclipse.sisu.plexus.CompositeBeanHelper.findMethod(Ljava/lang/Class;[Ljava/lang/reflect/Type;Ljava/lang/String;Ljava/lang/Class;)Ljava/lang/reflect/Method; @ 2
Event: 117.020 Thread 0x00000152fafcada0 DEOPT PACKING pc=0x00000152ea130664 sp=0x00000052cb0fd6a0
Event: 117.020 Thread 0x00000152fafcada0 DEOPT UNPACKING pc=0x00000152e90f3aa2 sp=0x00000052cb0fd628 mode 2
Event: 117.020 Thread 0x00000152fafcada0 Uncommon trap: trap_request=0xffffffbe fr.pc=0x00000152ea130664 relative=0x0000000000000464
Event: 117.020 Thread 0x00000152fafcada0 Uncommon trap: reason=profile_predicate action=maybe_recompile pc=0x00000152ea130664 method=org.eclipse.sisu.plexus.CompositeBeanHelper.findMethod(Ljava/lang/Class;[Ljava/lang/reflect/Type;Ljava/lang/String;Ljava/lang/Class;)Ljava/lang/reflect/Method; @ 2
Event: 117.020 Thread 0x00000152fafcada0 DEOPT PACKING pc=0x00000152ea130664 sp=0x00000052cb0fd6a0
Event: 117.020 Thread 0x00000152fafcada0 DEOPT UNPACKING pc=0x00000152e90f3aa2 sp=0x00000052cb0fd628 mode 2
Event: 119.644 Thread 0x00000152fafd1010 Uncommon trap: trap_request=0xffffff45 fr.pc=0x00000152e9cc25b4 relative=0x0000000000000094
Event: 119.644 Thread 0x00000152fafd1010 Uncommon trap: reason=unstable_if action=reinterpret pc=0x00000152e9cc25b4 method=org.eclipse.jdt.internal.compiler.parser.ScannerHelper.isWhitespace(C)Z @ 14 c2
Event: 119.644 Thread 0x00000152fafd1010 DEOPT PACKING pc=0x00000152e9cc25b4 sp=0x00000052cbffe460
Event: 119.644 Thread 0x00000152fafd1010 DEOPT UNPACKING pc=0x00000152e90f3aa2 sp=0x00000052cbffe400 mode 2
Event: 119.653 Thread 0x00000152fafd1010 Uncommon trap: trap_request=0xffffff45 fr.pc=0x00000152ea0ec754 relative=0x00000000000000b4
Event: 119.653 Thread 0x00000152fafd1010 Uncommon trap: reason=unstable_if action=reinterpret pc=0x00000152ea0ec754 method=org.eclipse.jdt.core.dom.AST.modifying()V @ 7 c2
Event: 119.653 Thread 0x00000152fafd1010 DEOPT PACKING pc=0x00000152ea0ec754 sp=0x00000052cbffd9c0
Event: 119.653 Thread 0x00000152fafd1010 DEOPT UNPACKING pc=0x00000152e90f3aa2 sp=0x00000052cbffd8e8 mode 2

Classes loaded (20 events):
Event: 19.331 Loading class java/util/stream/DistinctOps
Event: 19.331 Loading class java/util/stream/DistinctOps done
Event: 19.331 Loading class java/util/stream/DistinctOps$1
Event: 19.332 Loading class java/util/stream/DistinctOps$1 done
Event: 19.338 Loading class java/util/stream/DistinctOps$1$2
Event: 19.338 Loading class java/util/stream/DistinctOps$1$2 done
Event: 20.562 Loading class java/lang/invoke/MethodHandleImpl$CountingWrapper$1
Event: 20.562 Loading class java/lang/invoke/MethodHandleImpl$CountingWrapper$1 done
Event: 31.824 Loading class sun/nio/cs/ISO_8859_1$Encoder
Event: 31.824 Loading class sun/nio/cs/ISO_8859_1$Encoder done
Event: 31.824 Loading class sun/nio/cs/Surrogate$Parser
Event: 31.824 Loading class sun/nio/cs/Surrogate$Parser done
Event: 31.824 Loading class sun/nio/cs/Surrogate
Event: 31.824 Loading class sun/nio/cs/Surrogate done
Event: 45.675 Loading class java/io/CharArrayReader
Event: 45.676 Loading class java/io/CharArrayReader done
Event: 45.676 Loading class java/util/regex/Pattern$Bound
Event: 45.676 Loading class java/util/regex/Pattern$Bound done
Event: 120.695 Loading class java/lang/StringLatin1$CharsSpliterator
Event: 120.695 Loading class java/lang/StringLatin1$CharsSpliterator done

Classes unloaded (9 events):
Event: 4.728 Thread 0x00000152de8905c0 Unloading class 0x00000152811a6800 'java/lang/invoke/LambdaForm$MH+0x00000152811a6800'
Event: 4.728 Thread 0x00000152de8905c0 Unloading class 0x00000152811a6400 'java/lang/invoke/LambdaForm$MH+0x00000152811a6400'
Event: 4.728 Thread 0x00000152de8905c0 Unloading class 0x00000152811a6000 'java/lang/invoke/LambdaForm$MH+0x00000152811a6000'
Event: 4.728 Thread 0x00000152de8905c0 Unloading class 0x00000152811a5c00 'java/lang/invoke/LambdaForm$MH+0x00000152811a5c00'
Event: 4.728 Thread 0x00000152de8905c0 Unloading class 0x00000152811a5800 'java/lang/invoke/LambdaForm$BMH+0x00000152811a5800'
Event: 4.728 Thread 0x00000152de8905c0 Unloading class 0x00000152811a5400 'java/lang/invoke/LambdaForm$DMH+0x00000152811a5400'
Event: 4.728 Thread 0x00000152de8905c0 Unloading class 0x00000152811a4000 'java/lang/invoke/LambdaForm$DMH+0x00000152811a4000'
Event: 11.103 Thread 0x00000152de8905c0 Unloading class 0x000001528168e800 'java/lang/invoke/LambdaForm$DMH+0x000001528168e800'
Event: 11.103 Thread 0x00000152de8905c0 Unloading class 0x000001528168e400 'java/lang/invoke/LambdaForm$DMH+0x000001528168e400'

Classes redefined (0 events):
No events

Internal exceptions (20 events):
Event: 109.945 Thread 0x00000152fd5c7fc0 Exception <a 'java/lang/ArrayIndexOutOfBoundsException'{0x00000000d55fd5e0}> (0x00000000d55fd5e0) 
thrown [s\src\hotspot\share\runtime\sharedRuntime.cpp, line 625]
Event: 110.279 Thread 0x00000152fd5c7fc0 Exception <a 'java/lang/ArrayIndexOutOfBoundsException'{0x00000000d5741a10}> (0x00000000d5741a10) 
thrown [s\src\hotspot\share\runtime\sharedRuntime.cpp, line 625]
Event: 111.032 Thread 0x00000152fafd0980 Exception <a 'java/lang/ArrayIndexOutOfBoundsException'{0x00000000d56bf8d8}> (0x00000000d56bf8d8) 
thrown [s\src\hotspot\share\runtime\sharedRuntime.cpp, line 625]
Event: 111.037 Thread 0x00000152fafd0980 Exception <a 'java/lang/ArrayIndexOutOfBoundsException'{0x00000000d5753e10}> (0x00000000d5753e10) 
thrown [s\src\hotspot\share\runtime\sharedRuntime.cpp, line 625]
Event: 111.037 Thread 0x00000152fafd0980 Exception <a 'java/lang/ArrayIndexOutOfBoundsException'{0x00000000d5755ae0}> (0x00000000d5755ae0) 
thrown [s\src\hotspot\share\runtime\sharedRuntime.cpp, line 625]
Event: 111.037 Thread 0x00000152fafd0980 Exception <a 'java/lang/ArrayIndexOutOfBoundsException'{0x00000000d5756308}> (0x00000000d5756308) 
thrown [s\src\hotspot\share\runtime\sharedRuntime.cpp, line 625]
Event: 111.275 Thread 0x00000152fd5c7fc0 Exception <a 'java/lang/ArrayIndexOutOfBoundsException'{0x00000000d560e1a0}> (0x00000000d560e1a0) 
thrown [s\src\hotspot\share\runtime\sharedRuntime.cpp, line 625]
Event: 111.691 Thread 0x00000152fd5c7fc0 Exception <a 'java/lang/ArrayIndexOutOfBoundsException'{0x00000000d55ad788}> (0x00000000d55ad788) 
thrown [s\src\hotspot\share\runtime\sharedRuntime.cpp, line 625]
Event: 111.813 Thread 0x00000152fd5c7fc0 Exception <a 'java/lang/ArrayIndexOutOfBoundsException'{0x00000000d5597ee8}> (0x00000000d5597ee8) 
thrown [s\src\hotspot\share\runtime\sharedRuntime.cpp, line 625]
Event: 112.772 Thread 0x00000152fafca710 Exception <a 'sun/nio/fs/WindowsException'{0x00000000d56361e0}> (0x00000000d56361e0) 
thrown [s\src\hotspot\share\prims\jni.cpp, line 520]
Event: 112.883 Thread 0x00000152fafca710 Exception <a 'sun/nio/fs/WindowsException'{0x00000000d576fab8}> (0x00000000d576fab8) 
thrown [s\src\hotspot\share\prims\jni.cpp, line 520]
Event: 113.989 Thread 0x00000152fd5c7fc0 Exception <a 'java/lang/ArrayIndexOutOfBoundsException'{0x00000000d5596798}> (0x00000000d5596798) 
thrown [s\src\hotspot\share\runtime\sharedRuntime.cpp, line 625]
Event: 114.889 Thread 0x00000152fafca710 Exception <a 'sun/nio/fs/WindowsException'{0x00000000d5788470}> (0x00000000d5788470) 
thrown [s\src\hotspot\share\prims\jni.cpp, line 520]
Event: 114.969 Thread 0x00000152fafca710 Exception <a 'sun/nio/fs/WindowsException'{0x00000000d56601c0}> (0x00000000d56601c0) 
thrown [s\src\hotspot\share\prims\jni.cpp, line 520]
Event: 115.377 Thread 0x00000152fc8fd100 Exception <a 'java/lang/ArrayIndexOutOfBoundsException'{0x00000000d55c0ad0}> (0x00000000d55c0ad0) 
thrown [s\src\hotspot\share\runtime\sharedRuntime.cpp, line 625]
Event: 115.618 Thread 0x00000152fafd1010 Exception <a 'java/lang/ArrayIndexOutOfBoundsException'{0x00000000d56c51e0}> (0x00000000d56c51e0) 
thrown [s\src\hotspot\share\runtime\sharedRuntime.cpp, line 625]
Event: 115.817 Thread 0x00000152fafd1010 Exception <a 'java/lang/ArrayIndexOutOfBoundsException'{0x00000000d55aa190}> (0x00000000d55aa190) 
thrown [s\src\hotspot\share\runtime\sharedRuntime.cpp, line 625]
Event: 116.957 Thread 0x00000152fafca710 Exception <a 'sun/nio/fs/WindowsException'{0x00000000d57283a8}> (0x00000000d57283a8) 
thrown [s\src\hotspot\share\prims\jni.cpp, line 520]
Event: 117.276 Thread 0x00000152fafca710 Exception <a 'sun/nio/fs/WindowsException'{0x00000000d5625c98}> (0x00000000d5625c98) 
thrown [s\src\hotspot\share\prims\jni.cpp, line 520]
Event: 117.432 Thread 0x00000152fd5c7fc0 Exception <a 'java/lang/ArrayIndexOutOfBoundsException'{0x00000000d560a090}> (0x00000000d560a090) 
thrown [s\src\hotspot\share\runtime\sharedRuntime.cpp, line 625]

ZGC Phase Switch (0 events):
No events

VM Operations (20 events):
Event: 119.198 Executing VM operation: ParallelGCFailedAllocation (Allocation Failure) done
Event: 119.531 Executing VM operation: ParallelGCFailedAllocation (Allocation Failure)
Event: 119.533 Executing VM operation: ParallelGCFailedAllocation (Allocation Failure) done
Event: 119.558 Executing VM operation: ParallelGCFailedAllocation (Allocation Failure)
Event: 119.560 Executing VM operation: ParallelGCFailedAllocation (Allocation Failure) done
Event: 119.598 Executing VM operation: HandshakeAllThreads (Deoptimize)
Event: 119.598 Executing VM operation: HandshakeAllThreads (Deoptimize) done
Event: 119.610 Executing VM operation: ParallelGCFailedAllocation (Allocation Failure)
Event: 119.612 Executing VM operation: ParallelGCFailedAllocation (Allocation Failure) done
Event: 119.628 Executing VM operation: HandshakeAllThreads (Deoptimize)
Event: 119.628 Executing VM operation: HandshakeAllThreads (Deoptimize) done
Event: 119.654 Executing VM operation: ParallelGCFailedAllocation (Allocation Failure)
Event: 120.663 Executing VM operation: ParallelGCFailedAllocation (Allocation Failure) done
Event: 120.663 Executing VM operation: HandshakeAllThreads (HandshakeForDeflation)
Event: 120.663 Executing VM operation: HandshakeAllThreads (HandshakeForDeflation) done
Event: 120.663 Executing VM operation: RendezvousGCThreads
Event: 120.663 Executing VM operation: RendezvousGCThreads done
Event: 120.694 Executing VM operation: HandshakeAllThreads (Deoptimize)
Event: 120.694 Executing VM operation: HandshakeAllThreads (Deoptimize) done
Event: 120.697 Executing VM operation: ParallelGCFailedAllocation (Allocation Failure)

Memory protections (0 events):
No events

Nmethod flushes (20 events):
Event: 11.119 Thread 0x00000152de8905c0 flushing osr nmethod 0x00000152e243ae10
Event: 11.119 Thread 0x00000152de8905c0 flushing  nmethod 0x00000152e2445510
Event: 11.119 Thread 0x00000152de8905c0 flushing  nmethod 0x00000152e2445990
Event: 11.119 Thread 0x00000152de8905c0 flushing  nmethod 0x00000152e2448190
Event: 11.119 Thread 0x00000152de8905c0 flushing  nmethod 0x00000152e245b290
Event: 11.119 Thread 0x00000152de8905c0 flushing  nmethod 0x00000152e245fd10
Event: 11.119 Thread 0x00000152de8905c0 flushing  nmethod 0x00000152e246b990
Event: 11.119 Thread 0x00000152de8905c0 flushing  nmethod 0x00000152e249a890
Event: 11.119 Thread 0x00000152de8905c0 flushing  nmethod 0x00000152e24b7610
Event: 11.119 Thread 0x00000152de8905c0 flushing  nmethod 0x00000152e24c3810
Event: 11.119 Thread 0x00000152de8905c0 flushing  nmethod 0x00000152e24c5090
Event: 11.119 Thread 0x00000152de8905c0 flushing  nmethod 0x00000152e24c5690
Event: 11.119 Thread 0x00000152de8905c0 flushing  nmethod 0x00000152e24c6510
Event: 11.119 Thread 0x00000152de8905c0 flushing  nmethod 0x00000152e24c9890
Event: 11.119 Thread 0x00000152de8905c0 flushing  nmethod 0x00000152e24e3310
Event: 11.119 Thread 0x00000152de8905c0 flushing  nmethod 0x00000152e24e8610
Event: 11.119 Thread 0x00000152de8905c0 flushing  nmethod 0x00000152e24f2090
Event: 11.119 Thread 0x00000152de8905c0 flushing  nmethod 0x00000152e2515790
Event: 11.119 Thread 0x00000152de8905c0 flushing  nmethod 0x00000152e2524790
Event: 11.119 Thread 0x00000152de8905c0 flushing  nmethod 0x00000152e2538190

Events (20 events):
Event: 61.383 Thread 0x00000152fca51a50 Thread exited: 0x00000152fca51a50
Event: 61.642 Thread 0x00000152de8a6c00 Thread added: 0x00000152fca55e70
Event: 62.276 Thread 0x00000152fca55e70 Thread exited: 0x00000152fca55e70
Event: 62.705 Thread 0x00000152de8c6b80 Thread added: 0x00000152fca55e70
Event: 63.064 Thread 0x00000152fca55e70 Thread exited: 0x00000152fca55e70
Event: 68.709 Thread 0x00000152fc8fb6c0 Thread exited: 0x00000152fc8fb6c0
Event: 74.036 Thread 0x00000152de8c6b80 Thread added: 0x00000152fca55e70
Event: 74.400 Thread 0x00000152fca55e70 Thread exited: 0x00000152fca55e70
Event: 74.926 Thread 0x00000152de8c6b80 Thread added: 0x00000152fca58080
Event: 75.175 Thread 0x00000152fca58080 Thread exited: 0x00000152fca58080
Event: 82.519 Thread 0x00000152de8a6c00 Thread added: 0x00000152fca579b0
Event: 82.722 Thread 0x00000152fca579b0 Thread exited: 0x00000152fca579b0
Event: 88.555 Thread 0x00000152de8c6b80 Thread added: 0x00000152fca58750
Event: 88.741 Thread 0x00000152fca58750 Thread exited: 0x00000152fca58750
Event: 96.281 Thread 0x00000152de8c6b80 Thread added: 0x00000152fca572e0
Event: 96.483 Thread 0x00000152fca572e0 Thread exited: 0x00000152fca572e0
Event: 111.172 Thread 0x00000152de8c6b80 Thread added: 0x00000152fca58750
Event: 111.378 Thread 0x00000152fca58750 Thread exited: 0x00000152fca58750
Event: 117.026 Thread 0x00000152de8c6b80 Thread added: 0x00000152fca56540
Event: 117.985 Thread 0x00000152fca56540 Thread exited: 0x00000152fca56540


Dynamic libraries:
0x00007ff7aac80000 - 0x00007ff7aac8e000 	c:\Users\Leila\.vscode\extensions\redhat.java-1.45.0-win32-x64\jre\21.0.8-win32-x86_64\bin\java.exe
0x00007ff82ca00000 - 0x00007ff82cc67000 	C:\WINDOWS\SYSTEM32\ntdll.dll
0x00007ff82c1e0000 - 0x00007ff82c2a9000 	C:\WINDOWS\System32\KERNEL32.DLL
0x00007ff829f70000 - 0x00007ff82a360000 	C:\WINDOWS\System32\KERNELBASE.dll
0x00007ff829e20000 - 0x00007ff829f6b000 	C:\WINDOWS\System32\ucrtbase.dll
0x00007ff81e940000 - 0x00007ff81e958000 	c:\Users\Leila\.vscode\extensions\redhat.java-1.45.0-win32-x64\jre\21.0.8-win32-x86_64\bin\jli.dll
0x00007ff82ae80000 - 0x00007ff82b045000 	C:\WINDOWS\System32\USER32.dll
0x00007ff82a760000 - 0x00007ff82a787000 	C:\WINDOWS\System32\win32u.dll
0x00007ff82bda0000 - 0x00007ff82bdcb000 	C:\WINDOWS\System32\GDI32.dll
0x00007ff81bb50000 - 0x00007ff81bb6e000 	c:\Users\Leila\.vscode\extensions\redhat.java-1.45.0-win32-x64\jre\21.0.8-win32-x86_64\bin\VCRUNTIME140.dll
0x00007ff82a590000 - 0x00007ff82a6c8000 	C:\WINDOWS\System32\gdi32full.dll
0x00007ff829d70000 - 0x00007ff829e13000 	C:\WINDOWS\System32\msvcp_win.dll
0x00007ff80d500000 - 0x00007ff80d79a000 	C:\WINDOWS\WinSxS\amd64_microsoft.windows.common-controls_6595b64144ccf1df_6.0.26100.4768_none_3e0c112ce331287c\COMCTL32.dll
0x00007ff82c900000 - 0x00007ff82c9a9000 	C:\WINDOWS\System32\msvcrt.dll
0x00007ff82c870000 - 0x00007ff82c89f000 	C:\WINDOWS\System32\IMM32.DLL
0x000000006b9e0000 - 0x000000006b9ec000 	C:\Program Files (x86)\360\Total Security\safemon\SafeWrapper.dll
0x00007ff82bbc0000 - 0x00007ff82bc74000 	C:\WINDOWS\System32\ADVAPI32.dll
0x00007ff82bc80000 - 0x00007ff82bd26000 	C:\WINDOWS\System32\sechost.dll
0x00007ff82a8d0000 - 0x00007ff82a9e8000 	C:\WINDOWS\System32\RPCRT4.dll
0x00007ff816020000 - 0x00007ff8160cc000 	C:\Program Files (x86)\360\Total Security\safemon\libzdtp64.dll
0x00007ff82b470000 - 0x00007ff82bbbd000 	C:\WINDOWS\System32\SHELL32.dll
0x00007ff829bf0000 - 0x00007ff829d63000 	C:\WINDOWS\System32\wintypes.dll
0x00007ff82be50000 - 0x00007ff82c1d5000 	C:\WINDOWS\System32\combase.dll
0x00007ff82bd30000 - 0x00007ff82bd9a000 	C:\WINDOWS\System32\SHLWAPI.dll
0x00007ff829620000 - 0x00007ff82962b000 	C:\WINDOWS\SYSTEM32\VERSION.dll
0x00007ff81e7a0000 - 0x00007ff81e7ac000 	c:\Users\Leila\.vscode\extensions\redhat.java-1.45.0-win32-x64\jre\21.0.8-win32-x86_64\bin\vcruntime140_1.dll
0x00007ffff2ce0000 - 0x00007ffff2d6d000 	c:\Users\Leila\.vscode\extensions\redhat.java-1.45.0-win32-x64\jre\21.0.8-win32-x86_64\bin\msvcp140.dll
0x00007fff6b880000 - 0x00007fff6c617000 	c:\Users\Leila\.vscode\extensions\redhat.java-1.45.0-win32-x64\jre\21.0.8-win32-x86_64\bin\server\jvm.dll
0x00007ff82bdd0000 - 0x00007ff82be44000 	C:\WINDOWS\System32\WS2_32.dll
0x00007ff829990000 - 0x00007ff8299ee000 	C:\WINDOWS\SYSTEM32\POWRPROF.dll
0x00007ff80d8a0000 - 0x00007ff80d8d5000 	C:\WINDOWS\SYSTEM32\WINMM.dll
0x00007ff829970000 - 0x00007ff829984000 	C:\WINDOWS\SYSTEM32\UMPDC.dll
0x00007ff828820000 - 0x00007ff82883b000 	C:\WINDOWS\SYSTEM32\kernel.appcore.dll
0x00007ff81a500000 - 0x00007ff81a50a000 	c:\Users\Leila\.vscode\extensions\redhat.java-1.45.0-win32-x64\jre\21.0.8-win32-x86_64\bin\jimage.dll
0x00007ff827190000 - 0x00007ff8273d1000 	C:\WINDOWS\SYSTEM32\DBGHELP.DLL
0x00007ff82b1d0000 - 0x00007ff82b2b0000 	C:\WINDOWS\System32\OLEAUT32.dll
0x00007ff81a090000 - 0x00007ff81a0d3000 	C:\WINDOWS\SYSTEM32\dbgcore.DLL
0x00007ff82a370000 - 0x00007ff82a409000 	C:\WINDOWS\System32\bcryptPrimitives.dll
0x00007ff8161f0000 - 0x00007ff8161ff000 	c:\Users\Leila\.vscode\extensions\redhat.java-1.45.0-win32-x64\jre\21.0.8-win32-x86_64\bin\instrument.dll
0x00007ff804ba0000 - 0x00007ff804bbf000 	c:\Users\Leila\.vscode\extensions\redhat.java-1.45.0-win32-x64\jre\21.0.8-win32-x86_64\bin\java.dll
0x00007ff827680000 - 0x00007ff827ee0000 	C:\WINDOWS\SYSTEM32\windows.storage.dll
0x00007ff82b050000 - 0x00007ff82b145000 	C:\WINDOWS\System32\SHCORE.dll
0x00007ff829a50000 - 0x00007ff829a79000 	C:\WINDOWS\SYSTEM32\profapi.dll
0x00007ff8018a0000 - 0x00007ff8018b8000 	c:\Users\Leila\.vscode\extensions\redhat.java-1.45.0-win32-x64\jre\21.0.8-win32-x86_64\bin\zip.dll
0x00007ff815f50000 - 0x00007ff815f60000 	C:\Users\Leila\.vscode\extensions\redhat.java-1.45.0-win32-x64\jre\21.0.8-win32-x86_64\bin\net.dll
0x00007ff81b160000 - 0x00007ff81b27e000 	C:\WINDOWS\SYSTEM32\WINHTTP.dll
0x00007ff828dd0000 - 0x00007ff828e3b000 	C:\WINDOWS\system32\mswsock.dll
0x00007ffffd690000 - 0x00007ffffd6a6000 	C:\Users\Leila\.vscode\extensions\redhat.java-1.45.0-win32-x64\jre\21.0.8-win32-x86_64\bin\nio.dll
0x00007ff815cc0000 - 0x00007ff815cd0000 	c:\Users\Leila\.vscode\extensions\redhat.java-1.45.0-win32-x64\jre\21.0.8-win32-x86_64\bin\verify.dll
0x00007ffffe410000 - 0x00007ffffe454000 	C:\Users\Leila\AppData\Roaming\Code\User\globalStorage\redhat.java\1.45.0\config_win\org.eclipse.equinox.launcher\org.eclipse.equinox.launcher.win32.win32.x86_64_1.2.1400.v20250801-0854\eclipse_11916.dll
0x00007ff82b2c0000 - 0x00007ff82b460000 	C:\WINDOWS\System32\ole32.dll
0x00007ff829090000 - 0x00007ff8290ab000 	C:\WINDOWS\SYSTEM32\CRYPTSP.dll
0x00007ff828780000 - 0x00007ff8287bb000 	C:\WINDOWS\system32\rsaenh.dll
0x00007ff828e70000 - 0x00007ff828e9b000 	C:\WINDOWS\SYSTEM32\USERENV.dll
0x00007ff829a20000 - 0x00007ff829a46000 	C:\WINDOWS\SYSTEM32\bcrypt.dll
0x00007ff8290b0000 - 0x00007ff8290bc000 	C:\WINDOWS\SYSTEM32\CRYPTBASE.dll
0x00007ff8282b0000 - 0x00007ff8282e3000 	C:\WINDOWS\SYSTEM32\IPHLPAPI.DLL
0x00007ff82a790000 - 0x00007ff82a79a000 	C:\WINDOWS\System32\NSI.dll
0x00007ffffe350000 - 0x00007ffffe399000 	C:\Users\Leila\AppData\Local\Temp\jna-73300837\jna578842155775326112.dll
0x00007ff82c640000 - 0x00007ff82c648000 	C:\WINDOWS\System32\PSAPI.DLL
0x00007ff81b650000 - 0x00007ff81b66f000 	C:\WINDOWS\SYSTEM32\dhcpcsvc6.DLL
0x00007ff81b130000 - 0x00007ff81b155000 	C:\WINDOWS\SYSTEM32\dhcpcsvc.DLL

JVMTI agents:
c:\Users\Leila\.vscode\extensions\redhat.java-1.45.0-win32-x64\lombok\lombok-1.18.39-4050.jar path:c:\Users\Leila\.vscode\extensions\redhat.java-1.45.0-win32-x64\jre\21.0.8-win32-x86_64\bin\instrument.dll, loaded, initialized, instrumentlib options:none

dbghelp: loaded successfully - version: 4.0.5 - missing functions: none
symbol engine: initialized successfully - sym options: 0x614 - pdb path: .;c:\Users\Leila\.vscode\extensions\redhat.java-1.45.0-win32-x64\jre\21.0.8-win32-x86_64\bin;C:\WINDOWS\SYSTEM32;C:\WINDOWS\WinSxS\amd64_microsoft.windows.common-controls_6595b64144ccf1df_6.0.26100.4768_none_3e0c112ce331287c;C:\Program Files (x86)\360\Total Security\safemon;c:\Users\Leila\.vscode\extensions\redhat.java-1.45.0-win32-x64\jre\21.0.8-win32-x86_64\bin\server;C:\Users\Leila\AppData\Roaming\Code\User\globalStorage\redhat.java\1.45.0\config_win\org.eclipse.equinox.launcher\org.eclipse.equinox.launcher.win32.win32.x86_64_1.2.1400.v20250801-0854;C:\Users\Leila\AppData\Local\Temp\jna-73300837

VM Arguments:
jvm_args: --add-modules=ALL-SYSTEM --add-opens=java.base/java.util=ALL-UNNAMED --add-opens=java.base/java.lang=ALL-UNNAMED --add-opens=java.base/sun.nio.fs=ALL-UNNAMED -Declipse.application=org.eclipse.jdt.ls.core.id1 -Dosgi.bundles.defaultStartLevel=4 -Declipse.product=org.eclipse.jdt.ls.core.product -Djava.import.generatesMetadataFilesAtProjectRoot=false -DDetectVMInstallationsJob.disabled=true -Dfile.encoding=utf8 -XX:+UseParallelGC -XX:GCTimeRatio=4 -XX:AdaptiveSizePolicyWeight=90 -Dsun.zip.disableMemoryMapping=true -Xmx2G -Xms100m -Xlog:disable -javaagent:c:\Users\Leila\.vscode\extensions\redhat.java-1.45.0-win32-x64\lombok\lombok-1.18.39-4050.jar -XX:+HeapDumpOnOutOfMemoryError -XX:HeapDumpPath=c:\Users\Leila\AppData\Roaming\Code\User\workspaceStorage\f757e6a35c77bed097e894ac33e0c76e\redhat.java -Daether.dependencyCollector.impl=bf 
java_command: c:\Users\Leila\.vscode\extensions\redhat.java-1.45.0-win32-x64\server\plugins\org.eclipse.equinox.launcher_1.7.0.v20250519-0528.jar -configuration c:\Users\Leila\AppData\Roaming\Code\User\globalStorage\redhat.java\1.45.0\config_win -data c:\Users\Leila\AppData\Roaming\Code\User\workspaceStorage\f757e6a35c77bed097e894ac33e0c76e\redhat.java\jdt_ws --pipe=\\.\pipe\lsp-e1ef5799f1e0f7a29032140a304332c9-sock
java_class_path (initial): c:\Users\Leila\.vscode\extensions\redhat.java-1.45.0-win32-x64\server\plugins\org.eclipse.equinox.launcher_1.7.0.v20250519-0528.jar
Launcher Type: SUN_STANDARD

[Global flags]
    uintx AdaptiveSizePolicyWeight                 = 90                                        {product} {command line}
     intx CICompilerCount                          = 3                                         {product} {ergonomic}
    uintx GCTimeRatio                              = 4                                         {product} {command line}
     bool HeapDumpOnOutOfMemoryError               = true                                   {manageable} {command line}
    ccstr HeapDumpPath                             = c:\Users\Leila\AppData\Roaming\Code\User\workspaceStorage\f757e6a35c77bed097e894ac33e0c76e\redhat.java         {manageable} {command line}
   size_t InitialHeapSize                          = 104857600                                 {product} {command line}
   size_t MaxHeapSize                              = 2147483648                                {product} {command line}
   size_t MaxNewSize                               = 715653120                                 {product} {ergonomic}
   size_t MinHeapDeltaBytes                        = 524288                                    {product} {ergonomic}
   size_t MinHeapSize                              = 104857600                                 {product} {command line}
   size_t NewSize                                  = 34603008                                  {product} {ergonomic}
    uintx NonNMethodCodeHeapSize                   = 5832780                                {pd product} {ergonomic}
    uintx NonProfiledCodeHeapSize                  = 122912730                              {pd product} {ergonomic}
   size_t OldSize                                  = 70254592                                  {product} {ergonomic}
    uintx ProfiledCodeHeapSize                     = 122912730                              {pd product} {ergonomic}
    uintx ReservedCodeCacheSize                    = 251658240                              {pd product} {ergonomic}
     bool SegmentedCodeCache                       = true                                      {product} {ergonomic}
   size_t SoftMaxHeapSize                          = 2147483648                             {manageable} {ergonomic}
     bool UseCompressedOops                        = true                           {product lp64_product} {ergonomic}
     bool UseLargePagesIndividualAllocation        = false                                  {pd product} {ergonomic}
     bool UseParallelGC                            = true                                      {product} {command line}

Logging:
Log output configuration:
 #0: stdout all=off uptime,level,tags foldmultilines=false
 #1: stderr all=off uptime,level,tags foldmultilines=false

Environment Variables:
JAVA_HOME=C:\Program Files (x86)\Java\zulu17.58.21-ca-jdk17.0.15-win_x64\bin
PATH=C:\Program Files\PostgreSQL\17\bin;C:\Users\Leila\.console-ninja\.bin;C:\Program Files (x86)\Java\zulu17.58.21-ca-jdk17.0.15-win_x64\bin;C:\Users\Leila\AppData\Local\Programs\Microsoft VS Code\bin;
USERNAME=Leila
OS=Windows_NT
PROCESSOR_IDENTIFIER=Intel64 Family 6 Model 166 Stepping 0, GenuineIntel
TMP=C:\Users\Leila\AppData\Local\Temp
TEMP=C:\Users\Leila\AppData\Local\Temp




Periodic native trim disabled

---------------  S Y S T E M  ---------------

OS:
 Windows 11 , 64 bit Build 26100 (10.0.26100.4768)
OS uptime: 33 days 16:02 hours
Hyper-V role detected

CPU: total 4 (initial active 4) (2 cores per cpu, 2 threads per core) family 6 model 166 stepping 0 microcode 0xe0, cx8, cmov, fxsr, ht, mmx, 3dnowpref, sse, sse2, sse3, ssse3, sse4.1, sse4.2, popcnt, lzcnt, tsc, tscinvbit, avx, avx2, aes, erms, clmul, bmi1, bmi2, adx, fma, vzeroupper, clflush, clflushopt, hv, rdtscp, f16c
Processor Information for processor 0
  Max Mhz: 2592, Current Mhz: 1495, Mhz Limit: 2073
Processor Information for processor 1
  Max Mhz: 2592, Current Mhz: 2093, Mhz Limit: 2073
Processor Information for processor 2
  Max Mhz: 2592, Current Mhz: 1495, Mhz Limit: 2073
Processor Information for processor 3
  Max Mhz: 2592, Current Mhz: 1495, Mhz Limit: 2073

Memory: 4k page, system-wide physical 16198M (1156M free)
TotalPageFile size 65350M (AvailPageFile size 0M)
current process WorkingSet (physical memory assigned to process): 427M, peak: 430M
current process commit charge ("private bytes"): 480M, peak: 483M

vm_info: OpenJDK 64-Bit Server VM (21.0.8+9-LTS) for windows-amd64 JRE (21.0.8+9-LTS), built on 2025-07-15T00:00:00Z by "admin" with MS VC++ 17.7 (VS2022)

END.
